[slf5s.start] 08 Dec 2013 03:06:40,398[slf5s.DATE]
INFO[slf5s.PRIORITY]
[slf5s.NDC]
main[slf5s.THREAD]
org.jgap.gp.impl.GPGenotype[slf5s.CATEGORY]
org.jgap.gp.impl.GPGenotype.outputSolution(GPGenotype.java:669)[slf5s.LOCATION]
Best solution fitness: 193710.0[slf5s.MESSAGE]

[slf5s.start] 08 Dec 2013 03:06:40,399[slf5s.DATE]
INFO[slf5s.PRIORITY]
[slf5s.NDC]
main[slf5s.THREAD]
org.jgap.gp.impl.GPGenotype[slf5s.CATEGORY]
org.jgap.gp.impl.GPGenotype.outputSolution(GPGenotype.java:671)[slf5s.LOCATION]
Best solution: (floor X24) * (X12 * X15)[slf5s.MESSAGE]

[slf5s.start] 08 Dec 2013 03:06:40,399[slf5s.DATE]
INFO[slf5s.PRIORITY]
[slf5s.NDC]
main[slf5s.THREAD]
org.jgap.gp.impl.GPGenotype[slf5s.CATEGORY]
org.jgap.gp.impl.GPGenotype.outputSolution(GPGenotype.java:681)[slf5s.LOCATION]
Depth of chrom: 2[slf5s.MESSAGE]

[slf5s.start] 08 Dec 2013 03:06:40,462[slf5s.DATE]
INFO[slf5s.PRIORITY]
[slf5s.NDC]
main[slf5s.THREAD]
org.jgap.gp.impl.GPGenotype[slf5s.CATEGORY]
org.jgap.gp.impl.GPGenotype.outputSolution(GPGenotype.java:669)[slf5s.LOCATION]
Best solution fitness: 193697.43[slf5s.MESSAGE]

[slf5s.start] 08 Dec 2013 03:06:40,464[slf5s.DATE]
INFO[slf5s.PRIORITY]
[slf5s.NDC]
main[slf5s.THREAD]
org.jgap.gp.impl.GPGenotype[slf5s.CATEGORY]
org.jgap.gp.impl.GPGenotype.outputSolution(GPGenotype.java:671)[slf5s.LOCATION]
Best solution: ((floor X24) * (X12 * X15)) - (tangent (floor (floor X10)))[slf5s.MESSAGE]

[slf5s.start] 08 Dec 2013 03:06:40,464[slf5s.DATE]
INFO[slf5s.PRIORITY]
[slf5s.NDC]
main[slf5s.THREAD]
org.jgap.gp.impl.GPGenotype[slf5s.CATEGORY]
org.jgap.gp.impl.GPGenotype.outputSolution(GPGenotype.java:681)[slf5s.LOCATION]
Depth of chrom: 4[slf5s.MESSAGE]

[slf5s.start] 08 Dec 2013 03:06:40,527[slf5s.DATE]
INFO[slf5s.PRIORITY]
[slf5s.NDC]
main[slf5s.THREAD]
org.jgap.gp.impl.GPGenotype[slf5s.CATEGORY]
org.jgap.gp.impl.GPGenotype.outputSolution(GPGenotype.java:669)[slf5s.LOCATION]
Best solution fitness: 186638.0[slf5s.MESSAGE]

[slf5s.start] 08 Dec 2013 03:06:40,528[slf5s.DATE]
INFO[slf5s.PRIORITY]
[slf5s.NDC]
main[slf5s.THREAD]
org.jgap.gp.impl.GPGenotype[slf5s.CATEGORY]
org.jgap.gp.impl.GPGenotype.outputSolution(GPGenotype.java:671)[slf5s.LOCATION]
Best solution: (ceil X24) * (X5 * 5.0)[slf5s.MESSAGE]

[slf5s.start] 08 Dec 2013 03:06:40,528[slf5s.DATE]
INFO[slf5s.PRIORITY]
[slf5s.NDC]
main[slf5s.THREAD]
org.jgap.gp.impl.GPGenotype[slf5s.CATEGORY]
org.jgap.gp.impl.GPGenotype.outputSolution(GPGenotype.java:681)[slf5s.LOCATION]
Depth of chrom: 2[slf5s.MESSAGE]

[slf5s.start] 08 Dec 2013 03:06:40,590[slf5s.DATE]
INFO[slf5s.PRIORITY]
[slf5s.NDC]
main[slf5s.THREAD]
org.jgap.gp.impl.GPGenotype[slf5s.CATEGORY]
org.jgap.gp.impl.GPGenotype.outputSolution(GPGenotype.java:669)[slf5s.LOCATION]
Best solution fitness: 182543.0[slf5s.MESSAGE]

[slf5s.start] 08 Dec 2013 03:06:40,591[slf5s.DATE]
INFO[slf5s.PRIORITY]
[slf5s.NDC]
main[slf5s.THREAD]
org.jgap.gp.impl.GPGenotype[slf5s.CATEGORY]
org.jgap.gp.impl.GPGenotype.outputSolution(GPGenotype.java:671)[slf5s.LOCATION]
Best solution: floor ((X24 + ((X0 * X12) + (X24 + X17))) / (X16 / X23))[slf5s.MESSAGE]

[slf5s.start] 08 Dec 2013 03:06:40,591[slf5s.DATE]
INFO[slf5s.PRIORITY]
[slf5s.NDC]
main[slf5s.THREAD]
org.jgap.gp.impl.GPGenotype[slf5s.CATEGORY]
org.jgap.gp.impl.GPGenotype.outputSolution(GPGenotype.java:681)[slf5s.LOCATION]
Depth of chrom: 5[slf5s.MESSAGE]

[slf5s.start] 08 Dec 2013 03:06:40,760[slf5s.DATE]
INFO[slf5s.PRIORITY]
[slf5s.NDC]
main[slf5s.THREAD]
org.jgap.gp.impl.GPGenotype[slf5s.CATEGORY]
org.jgap.gp.impl.GPGenotype.outputSolution(GPGenotype.java:669)[slf5s.LOCATION]
Best solution fitness: 177601.0[slf5s.MESSAGE]

[slf5s.start] 08 Dec 2013 03:06:40,760[slf5s.DATE]
INFO[slf5s.PRIORITY]
[slf5s.NDC]
main[slf5s.THREAD]
org.jgap.gp.impl.GPGenotype[slf5s.CATEGORY]
org.jgap.gp.impl.GPGenotype.outputSolution(GPGenotype.java:671)[slf5s.LOCATION]
Best solution: floor ((X24 + (X24 + X10)) / (X16 / X23))[slf5s.MESSAGE]

[slf5s.start] 08 Dec 2013 03:06:40,761[slf5s.DATE]
INFO[slf5s.PRIORITY]
[slf5s.NDC]
main[slf5s.THREAD]
org.jgap.gp.impl.GPGenotype[slf5s.CATEGORY]
org.jgap.gp.impl.GPGenotype.outputSolution(GPGenotype.java:681)[slf5s.LOCATION]
Depth of chrom: 4[slf5s.MESSAGE]

[slf5s.start] 08 Dec 2013 03:06:40,820[slf5s.DATE]
INFO[slf5s.PRIORITY]
[slf5s.NDC]
main[slf5s.THREAD]
org.jgap.gp.impl.GPGenotype[slf5s.CATEGORY]
org.jgap.gp.impl.GPGenotype.outputSolution(GPGenotype.java:669)[slf5s.LOCATION]
Best solution fitness: 177588.0[slf5s.MESSAGE]

[slf5s.start] 08 Dec 2013 03:06:40,821[slf5s.DATE]
INFO[slf5s.PRIORITY]
[slf5s.NDC]
main[slf5s.THREAD]
org.jgap.gp.impl.GPGenotype[slf5s.CATEGORY]
org.jgap.gp.impl.GPGenotype.outputSolution(GPGenotype.java:671)[slf5s.LOCATION]
Best solution: floor ((X24 + ((cosine (ceil (X6 + X22))) + (X24 + X17))) / (X16 / X23))[slf5s.MESSAGE]

[slf5s.start] 08 Dec 2013 03:06:40,821[slf5s.DATE]
INFO[slf5s.PRIORITY]
[slf5s.NDC]
main[slf5s.THREAD]
org.jgap.gp.impl.GPGenotype[slf5s.CATEGORY]
org.jgap.gp.impl.GPGenotype.outputSolution(GPGenotype.java:681)[slf5s.LOCATION]
Depth of chrom: 7[slf5s.MESSAGE]

[slf5s.start] 08 Dec 2013 03:06:40,965[slf5s.DATE]
INFO[slf5s.PRIORITY]
[slf5s.NDC]
main[slf5s.THREAD]
org.jgap.gp.impl.GPGenotype[slf5s.CATEGORY]
org.jgap.gp.impl.GPGenotype.outputSolution(GPGenotype.java:669)[slf5s.LOCATION]
Best solution fitness: 155619.0[slf5s.MESSAGE]

[slf5s.start] 08 Dec 2013 03:06:40,966[slf5s.DATE]
INFO[slf5s.PRIORITY]
[slf5s.NDC]
main[slf5s.THREAD]
org.jgap.gp.impl.GPGenotype[slf5s.CATEGORY]
org.jgap.gp.impl.GPGenotype.outputSolution(GPGenotype.java:671)[slf5s.LOCATION]
Best solution: X24 + ((floor ((X24 + (5.0 * X12)) / (X16 / X23))) + ((X12 + X24) * X7))[slf5s.MESSAGE]

[slf5s.start] 08 Dec 2013 03:06:40,966[slf5s.DATE]
INFO[slf5s.PRIORITY]
[slf5s.NDC]
main[slf5s.THREAD]
org.jgap.gp.impl.GPGenotype[slf5s.CATEGORY]
org.jgap.gp.impl.GPGenotype.outputSolution(GPGenotype.java:681)[slf5s.LOCATION]
Depth of chrom: 6[slf5s.MESSAGE]

[slf5s.start] 08 Dec 2013 03:06:41,030[slf5s.DATE]
INFO[slf5s.PRIORITY]
[slf5s.NDC]
main[slf5s.THREAD]
org.jgap.gp.impl.GPGenotype[slf5s.CATEGORY]
org.jgap.gp.impl.GPGenotype.outputSolution(GPGenotype.java:669)[slf5s.LOCATION]
Best solution fitness: 145213.0[slf5s.MESSAGE]

[slf5s.start] 08 Dec 2013 03:06:41,031[slf5s.DATE]
INFO[slf5s.PRIORITY]
[slf5s.NDC]
main[slf5s.THREAD]
org.jgap.gp.impl.GPGenotype[slf5s.CATEGORY]
org.jgap.gp.impl.GPGenotype.outputSolution(GPGenotype.java:671)[slf5s.LOCATION]
Best solution: X24 + ((floor ((X24 + (X0 * X12)) / (X16 / X23))) + ((X12 + X24) * X7))[slf5s.MESSAGE]

[slf5s.start] 08 Dec 2013 03:06:41,031[slf5s.DATE]
INFO[slf5s.PRIORITY]
[slf5s.NDC]
main[slf5s.THREAD]
org.jgap.gp.impl.GPGenotype[slf5s.CATEGORY]
org.jgap.gp.impl.GPGenotype.outputSolution(GPGenotype.java:681)[slf5s.LOCATION]
Depth of chrom: 6[slf5s.MESSAGE]

[slf5s.start] 08 Dec 2013 03:06:41,500[slf5s.DATE]
INFO[slf5s.PRIORITY]
[slf5s.NDC]
main[slf5s.THREAD]
org.jgap.gp.impl.GPGenotype[slf5s.CATEGORY]
org.jgap.gp.impl.GPGenotype.outputSolution(GPGenotype.java:669)[slf5s.LOCATION]
Best solution fitness: 145189.0[slf5s.MESSAGE]

[slf5s.start] 08 Dec 2013 03:06:41,501[slf5s.DATE]
INFO[slf5s.PRIORITY]
[slf5s.NDC]
main[slf5s.THREAD]
org.jgap.gp.impl.GPGenotype[slf5s.CATEGORY]
org.jgap.gp.impl.GPGenotype.outputSolution(GPGenotype.java:671)[slf5s.LOCATION]
Best solution: X24 + ((floor ((X24 + (X0 * X12)) / (X16 / X23))) + ((floor X24) * X7))[slf5s.MESSAGE]

[slf5s.start] 08 Dec 2013 03:06:41,501[slf5s.DATE]
INFO[slf5s.PRIORITY]
[slf5s.NDC]
main[slf5s.THREAD]
org.jgap.gp.impl.GPGenotype[slf5s.CATEGORY]
org.jgap.gp.impl.GPGenotype.outputSolution(GPGenotype.java:681)[slf5s.LOCATION]
Depth of chrom: 6[slf5s.MESSAGE]

[slf5s.start] 08 Dec 2013 03:06:41,814[slf5s.DATE]
INFO[slf5s.PRIORITY]
[slf5s.NDC]
main[slf5s.THREAD]
org.jgap.gp.impl.GPGenotype[slf5s.CATEGORY]
org.jgap.gp.impl.GPGenotype.evolve(GPGenotype.java:538)[slf5s.LOCATION]
Evolving generation 25, memory free: 68.7 MB[slf5s.MESSAGE]

[slf5s.start] 08 Dec 2013 03:06:42,122[slf5s.DATE]
INFO[slf5s.PRIORITY]
[slf5s.NDC]
main[slf5s.THREAD]
org.jgap.gp.impl.GPGenotype[slf5s.CATEGORY]
org.jgap.gp.impl.GPGenotype.outputSolution(GPGenotype.java:669)[slf5s.LOCATION]
Best solution fitness: 135144.0[slf5s.MESSAGE]

[slf5s.start] 08 Dec 2013 03:06:42,123[slf5s.DATE]
INFO[slf5s.PRIORITY]
[slf5s.NDC]
main[slf5s.THREAD]
org.jgap.gp.impl.GPGenotype[slf5s.CATEGORY]
org.jgap.gp.impl.GPGenotype.outputSolution(GPGenotype.java:671)[slf5s.LOCATION]
Best solution: (ceil (ceil ((X24 + X0) / (X16 / X23)))) + (floor (X24 + (X24 * X15)))[slf5s.MESSAGE]

[slf5s.start] 08 Dec 2013 03:06:42,124[slf5s.DATE]
INFO[slf5s.PRIORITY]
[slf5s.NDC]
main[slf5s.THREAD]
org.jgap.gp.impl.GPGenotype[slf5s.CATEGORY]
org.jgap.gp.impl.GPGenotype.outputSolution(GPGenotype.java:681)[slf5s.LOCATION]
Depth of chrom: 5[slf5s.MESSAGE]

[slf5s.start] 08 Dec 2013 03:06:43,200[slf5s.DATE]
INFO[slf5s.PRIORITY]
[slf5s.NDC]
main[slf5s.THREAD]
org.jgap.gp.impl.GPGenotype[slf5s.CATEGORY]
org.jgap.gp.impl.GPGenotype.evolve(GPGenotype.java:538)[slf5s.LOCATION]
Evolving generation 50, memory free: 66.8 MB[slf5s.MESSAGE]

[slf5s.start] 08 Dec 2013 03:06:43,488[slf5s.DATE]
INFO[slf5s.PRIORITY]
[slf5s.NDC]
main[slf5s.THREAD]
org.jgap.gp.impl.GPGenotype[slf5s.CATEGORY]
org.jgap.gp.impl.GPGenotype.outputSolution(GPGenotype.java:669)[slf5s.LOCATION]
Best solution fitness: 132986.8[slf5s.MESSAGE]

[slf5s.start] 08 Dec 2013 03:06:43,489[slf5s.DATE]
INFO[slf5s.PRIORITY]
[slf5s.NDC]
main[slf5s.THREAD]
org.jgap.gp.impl.GPGenotype[slf5s.CATEGORY]
org.jgap.gp.impl.GPGenotype.outputSolution(GPGenotype.java:671)[slf5s.LOCATION]
Best solution: ((X24 + X0) / (X16 / X23)) + (floor (X24 + ((X24 + X0) * X15)))[slf5s.MESSAGE]

[slf5s.start] 08 Dec 2013 03:06:43,489[slf5s.DATE]
INFO[slf5s.PRIORITY]
[slf5s.NDC]
main[slf5s.THREAD]
org.jgap.gp.impl.GPGenotype[slf5s.CATEGORY]
org.jgap.gp.impl.GPGenotype.outputSolution(GPGenotype.java:681)[slf5s.LOCATION]
Depth of chrom: 5[slf5s.MESSAGE]

[slf5s.start] 08 Dec 2013 03:06:43,980[slf5s.DATE]
INFO[slf5s.PRIORITY]
[slf5s.NDC]
main[slf5s.THREAD]
org.jgap.gp.impl.GPGenotype[slf5s.CATEGORY]
org.jgap.gp.impl.GPGenotype.outputSolution(GPGenotype.java:669)[slf5s.LOCATION]
Best solution fitness: 132959.8[slf5s.MESSAGE]

[slf5s.start] 08 Dec 2013 03:06:43,981[slf5s.DATE]
INFO[slf5s.PRIORITY]
[slf5s.NDC]
main[slf5s.THREAD]
org.jgap.gp.impl.GPGenotype[slf5s.CATEGORY]
org.jgap.gp.impl.GPGenotype.outputSolution(GPGenotype.java:671)[slf5s.LOCATION]
Best solution: (((X24 + X0) / (X16 / X23)) + X16) + (floor (X24 + ((X24 + X0) * X15)))[slf5s.MESSAGE]

[slf5s.start] 08 Dec 2013 03:06:43,981[slf5s.DATE]
INFO[slf5s.PRIORITY]
[slf5s.NDC]
main[slf5s.THREAD]
org.jgap.gp.impl.GPGenotype[slf5s.CATEGORY]
org.jgap.gp.impl.GPGenotype.outputSolution(GPGenotype.java:681)[slf5s.LOCATION]
Depth of chrom: 5[slf5s.MESSAGE]

[slf5s.start] 08 Dec 2013 03:06:44,013[slf5s.DATE]
INFO[slf5s.PRIORITY]
[slf5s.NDC]
main[slf5s.THREAD]
org.jgap.gp.impl.GPGenotype[slf5s.CATEGORY]
org.jgap.gp.impl.GPGenotype.outputSolution(GPGenotype.java:669)[slf5s.LOCATION]
Best solution fitness: 132633.01[slf5s.MESSAGE]

[slf5s.start] 08 Dec 2013 03:06:44,013[slf5s.DATE]
INFO[slf5s.PRIORITY]
[slf5s.NDC]
main[slf5s.THREAD]
org.jgap.gp.impl.GPGenotype[slf5s.CATEGORY]
org.jgap.gp.impl.GPGenotype.outputSolution(GPGenotype.java:671)[slf5s.LOCATION]
Best solution: (X24 / (X16 / X23)) + ((X13 * X24) + (X0 * X23))[slf5s.MESSAGE]

[slf5s.start] 08 Dec 2013 03:06:44,013[slf5s.DATE]
INFO[slf5s.PRIORITY]
[slf5s.NDC]
main[slf5s.THREAD]
org.jgap.gp.impl.GPGenotype[slf5s.CATEGORY]
org.jgap.gp.impl.GPGenotype.outputSolution(GPGenotype.java:681)[slf5s.LOCATION]
Depth of chrom: 3[slf5s.MESSAGE]

[slf5s.start] 08 Dec 2013 03:06:44,153[slf5s.DATE]
INFO[slf5s.PRIORITY]
[slf5s.NDC]
main[slf5s.THREAD]
org.jgap.gp.impl.GPGenotype[slf5s.CATEGORY]
org.jgap.gp.impl.GPGenotype.outputSolution(GPGenotype.java:669)[slf5s.LOCATION]
Best solution fitness: 132409.01[slf5s.MESSAGE]

[slf5s.start] 08 Dec 2013 03:06:44,154[slf5s.DATE]
INFO[slf5s.PRIORITY]
[slf5s.NDC]
main[slf5s.THREAD]
org.jgap.gp.impl.GPGenotype[slf5s.CATEGORY]
org.jgap.gp.impl.GPGenotype.outputSolution(GPGenotype.java:671)[slf5s.LOCATION]
Best solution: ((X24 / (X16 / X23)) + ((X13 * X24) + (X0 * X23))) + X23[slf5s.MESSAGE]

[slf5s.start] 08 Dec 2013 03:06:44,154[slf5s.DATE]
INFO[slf5s.PRIORITY]
[slf5s.NDC]
main[slf5s.THREAD]
org.jgap.gp.impl.GPGenotype[slf5s.CATEGORY]
org.jgap.gp.impl.GPGenotype.outputSolution(GPGenotype.java:681)[slf5s.LOCATION]
Depth of chrom: 4[slf5s.MESSAGE]

[slf5s.start] 08 Dec 2013 03:06:44,186[slf5s.DATE]
INFO[slf5s.PRIORITY]
[slf5s.NDC]
main[slf5s.THREAD]
org.jgap.gp.impl.GPGenotype[slf5s.CATEGORY]
org.jgap.gp.impl.GPGenotype.outputSolution(GPGenotype.java:669)[slf5s.LOCATION]
Best solution fitness: 126758.61[slf5s.MESSAGE]

[slf5s.start] 08 Dec 2013 03:06:44,186[slf5s.DATE]
INFO[slf5s.PRIORITY]
[slf5s.NDC]
main[slf5s.THREAD]
org.jgap.gp.impl.GPGenotype[slf5s.CATEGORY]
org.jgap.gp.impl.GPGenotype.outputSolution(GPGenotype.java:671)[slf5s.LOCATION]
Best solution: (ceil ((X24 * X15) + (X0 * X23))) + (X24 + (X24 / (X16 / X23)))[slf5s.MESSAGE]

[slf5s.start] 08 Dec 2013 03:06:44,187[slf5s.DATE]
INFO[slf5s.PRIORITY]
[slf5s.NDC]
main[slf5s.THREAD]
org.jgap.gp.impl.GPGenotype[slf5s.CATEGORY]
org.jgap.gp.impl.GPGenotype.outputSolution(GPGenotype.java:681)[slf5s.LOCATION]
Depth of chrom: 4[slf5s.MESSAGE]

[slf5s.start] 08 Dec 2013 03:06:44,218[slf5s.DATE]
INFO[slf5s.PRIORITY]
[slf5s.NDC]
main[slf5s.THREAD]
org.jgap.gp.impl.GPGenotype[slf5s.CATEGORY]
org.jgap.gp.impl.GPGenotype.evolve(GPGenotype.java:538)[slf5s.LOCATION]
Evolving generation 75, memory free: 64.8 MB[slf5s.MESSAGE]

[slf5s.start] 08 Dec 2013 03:06:44,681[slf5s.DATE]
INFO[slf5s.PRIORITY]
[slf5s.NDC]
main[slf5s.THREAD]
org.jgap.gp.impl.GPGenotype[slf5s.CATEGORY]
org.jgap.gp.impl.GPGenotype.outputSolution(GPGenotype.java:669)[slf5s.LOCATION]
Best solution fitness: 123322.8[slf5s.MESSAGE]

[slf5s.start] 08 Dec 2013 03:06:44,681[slf5s.DATE]
INFO[slf5s.PRIORITY]
[slf5s.NDC]
main[slf5s.THREAD]
org.jgap.gp.impl.GPGenotype[slf5s.CATEGORY]
org.jgap.gp.impl.GPGenotype.outputSolution(GPGenotype.java:671)[slf5s.LOCATION]
Best solution: (floor (ceil (ceil ((X24 * X15) + (X0 * X23))))) + ((X24 + X0) / (X16 / X23))[slf5s.MESSAGE]

[slf5s.start] 08 Dec 2013 03:06:44,682[slf5s.DATE]
INFO[slf5s.PRIORITY]
[slf5s.NDC]
main[slf5s.THREAD]
org.jgap.gp.impl.GPGenotype[slf5s.CATEGORY]
org.jgap.gp.impl.GPGenotype.outputSolution(GPGenotype.java:681)[slf5s.LOCATION]
Depth of chrom: 6[slf5s.MESSAGE]

[slf5s.start] 08 Dec 2013 03:06:45,068[slf5s.DATE]
INFO[slf5s.PRIORITY]
[slf5s.NDC]
main[slf5s.THREAD]
org.jgap.gp.impl.GPGenotype[slf5s.CATEGORY]
org.jgap.gp.impl.GPGenotype.evolve(GPGenotype.java:538)[slf5s.LOCATION]
Evolving generation 100, memory free: 61.7 MB[slf5s.MESSAGE]

[slf5s.start] 08 Dec 2013 03:06:45,273[slf5s.DATE]
INFO[slf5s.PRIORITY]
[slf5s.NDC]
main[slf5s.THREAD]
org.jgap.gp.impl.GPGenotype[slf5s.CATEGORY]
org.jgap.gp.impl.GPGenotype.outputSolution(GPGenotype.java:669)[slf5s.LOCATION]
Best solution fitness: 123180.0[slf5s.MESSAGE]

[slf5s.start] 08 Dec 2013 03:06:45,274[slf5s.DATE]
INFO[slf5s.PRIORITY]
[slf5s.NDC]
main[slf5s.THREAD]
org.jgap.gp.impl.GPGenotype[slf5s.CATEGORY]
org.jgap.gp.impl.GPGenotype.outputSolution(GPGenotype.java:671)[slf5s.LOCATION]
Best solution: (ceil (((X24 * X15) + (ceil ((X24 + X0) / (X16 / X23)))) + X23)) + (X0 * X23)[slf5s.MESSAGE]

[slf5s.start] 08 Dec 2013 03:06:45,274[slf5s.DATE]
INFO[slf5s.PRIORITY]
[slf5s.NDC]
main[slf5s.THREAD]
org.jgap.gp.impl.GPGenotype[slf5s.CATEGORY]
org.jgap.gp.impl.GPGenotype.outputSolution(GPGenotype.java:681)[slf5s.LOCATION]
Depth of chrom: 7[slf5s.MESSAGE]

[slf5s.start] 08 Dec 2013 03:06:45,919[slf5s.DATE]
INFO[slf5s.PRIORITY]
[slf5s.NDC]
main[slf5s.THREAD]
org.jgap.gp.impl.GPGenotype[slf5s.CATEGORY]
org.jgap.gp.impl.GPGenotype.outputSolution(GPGenotype.java:669)[slf5s.LOCATION]
Best solution fitness: 123043.0[slf5s.MESSAGE]

[slf5s.start] 08 Dec 2013 03:06:45,919[slf5s.DATE]
INFO[slf5s.PRIORITY]
[slf5s.NDC]
main[slf5s.THREAD]
org.jgap.gp.impl.GPGenotype[slf5s.CATEGORY]
org.jgap.gp.impl.GPGenotype.outputSolution(GPGenotype.java:671)[slf5s.LOCATION]
Best solution: ((floor (ceil ((X24 / (X16 / X23)) + (X0 * X23)))) + (X24 * X15)) + (X0 * X23)[slf5s.MESSAGE]

[slf5s.start] 08 Dec 2013 03:06:45,920[slf5s.DATE]
INFO[slf5s.PRIORITY]
[slf5s.NDC]
main[slf5s.THREAD]
org.jgap.gp.impl.GPGenotype[slf5s.CATEGORY]
org.jgap.gp.impl.GPGenotype.outputSolution(GPGenotype.java:681)[slf5s.LOCATION]
Depth of chrom: 7[slf5s.MESSAGE]

[slf5s.start] 08 Dec 2013 03:06:45,920[slf5s.DATE]
INFO[slf5s.PRIORITY]
[slf5s.NDC]
main[slf5s.THREAD]
org.jgap.gp.impl.GPGenotype[slf5s.CATEGORY]
org.jgap.gp.impl.GPGenotype.evolve(GPGenotype.java:538)[slf5s.LOCATION]
Evolving generation 125, memory free: 58.7 MB[slf5s.MESSAGE]

[slf5s.start] 08 Dec 2013 03:06:46,425[slf5s.DATE]
INFO[slf5s.PRIORITY]
[slf5s.NDC]
main[slf5s.THREAD]
org.jgap.gp.impl.GPGenotype[slf5s.CATEGORY]
org.jgap.gp.impl.GPGenotype.outputSolution(GPGenotype.java:669)[slf5s.LOCATION]
Best solution fitness: 123042.8[slf5s.MESSAGE]

[slf5s.start] 08 Dec 2013 03:06:46,425[slf5s.DATE]
INFO[slf5s.PRIORITY]
[slf5s.NDC]
main[slf5s.THREAD]
org.jgap.gp.impl.GPGenotype[slf5s.CATEGORY]
org.jgap.gp.impl.GPGenotype.outputSolution(GPGenotype.java:671)[slf5s.LOCATION]
Best solution: ((X0 * X23) + (((X24 * X15) + ((X24 + X0) / (X16 / X23))) + X23)) + X23[slf5s.MESSAGE]

[slf5s.start] 08 Dec 2013 03:06:46,425[slf5s.DATE]
INFO[slf5s.PRIORITY]
[slf5s.NDC]
main[slf5s.THREAD]
org.jgap.gp.impl.GPGenotype[slf5s.CATEGORY]
org.jgap.gp.impl.GPGenotype.outputSolution(GPGenotype.java:681)[slf5s.LOCATION]
Depth of chrom: 6[slf5s.MESSAGE]

[slf5s.start] 08 Dec 2013 03:06:46,525[slf5s.DATE]
INFO[slf5s.PRIORITY]
[slf5s.NDC]
main[slf5s.THREAD]
org.jgap.gp.impl.GPGenotype[slf5s.CATEGORY]
org.jgap.gp.impl.GPGenotype.outputSolution(GPGenotype.java:669)[slf5s.LOCATION]
Best solution fitness: 123040.11[slf5s.MESSAGE]

[slf5s.start] 08 Dec 2013 03:06:46,525[slf5s.DATE]
INFO[slf5s.PRIORITY]
[slf5s.NDC]
main[slf5s.THREAD]
org.jgap.gp.impl.GPGenotype[slf5s.CATEGORY]
org.jgap.gp.impl.GPGenotype.outputSolution(GPGenotype.java:671)[slf5s.LOCATION]
Best solution: (((X24 / (X16 / X23)) + (X0 * X23)) + (X24 * X15)) + (X0 * X23)[slf5s.MESSAGE]

[slf5s.start] 08 Dec 2013 03:06:46,525[slf5s.DATE]
INFO[slf5s.PRIORITY]
[slf5s.NDC]
main[slf5s.THREAD]
org.jgap.gp.impl.GPGenotype[slf5s.CATEGORY]
org.jgap.gp.impl.GPGenotype.outputSolution(GPGenotype.java:681)[slf5s.LOCATION]
Depth of chrom: 5[slf5s.MESSAGE]

[slf5s.start] 08 Dec 2013 03:06:46,686[slf5s.DATE]
INFO[slf5s.PRIORITY]
[slf5s.NDC]
main[slf5s.THREAD]
org.jgap.gp.impl.GPGenotype[slf5s.CATEGORY]
org.jgap.gp.impl.GPGenotype.outputSolution(GPGenotype.java:669)[slf5s.LOCATION]
Best solution fitness: 122839.0[slf5s.MESSAGE]

[slf5s.start] 08 Dec 2013 03:06:46,687[slf5s.DATE]
INFO[slf5s.PRIORITY]
[slf5s.NDC]
main[slf5s.THREAD]
org.jgap.gp.impl.GPGenotype[slf5s.CATEGORY]
org.jgap.gp.impl.GPGenotype.outputSolution(GPGenotype.java:671)[slf5s.LOCATION]
Best solution: (X24 * X15) + (ceil ((X24 / (X16 / X23)) + (X0 * (X15 + X23))))[slf5s.MESSAGE]

[slf5s.start] 08 Dec 2013 03:06:46,687[slf5s.DATE]
INFO[slf5s.PRIORITY]
[slf5s.NDC]
main[slf5s.THREAD]
org.jgap.gp.impl.GPGenotype[slf5s.CATEGORY]
org.jgap.gp.impl.GPGenotype.outputSolution(GPGenotype.java:681)[slf5s.LOCATION]
Depth of chrom: 5[slf5s.MESSAGE]

[slf5s.start] 08 Dec 2013 03:06:46,715[slf5s.DATE]
INFO[slf5s.PRIORITY]
[slf5s.NDC]
main[slf5s.THREAD]
org.jgap.gp.impl.GPGenotype[slf5s.CATEGORY]
org.jgap.gp.impl.GPGenotype.evolve(GPGenotype.java:538)[slf5s.LOCATION]
Evolving generation 150, memory free: 57.3 MB[slf5s.MESSAGE]

[slf5s.start] 08 Dec 2013 03:06:46,775[slf5s.DATE]
INFO[slf5s.PRIORITY]
[slf5s.NDC]
main[slf5s.THREAD]
org.jgap.gp.impl.GPGenotype[slf5s.CATEGORY]
org.jgap.gp.impl.GPGenotype.outputSolution(GPGenotype.java:669)[slf5s.LOCATION]
Best solution fitness: 121337.0[slf5s.MESSAGE]

[slf5s.start] 08 Dec 2013 03:06:46,776[slf5s.DATE]
INFO[slf5s.PRIORITY]
[slf5s.NDC]
main[slf5s.THREAD]
org.jgap.gp.impl.GPGenotype[slf5s.CATEGORY]
org.jgap.gp.impl.GPGenotype.outputSolution(GPGenotype.java:671)[slf5s.LOCATION]
Best solution: (X24 * X15) + (ceil ((X24 / (X16 / X23)) + (X0 * (X16 + X23))))[slf5s.MESSAGE]

[slf5s.start] 08 Dec 2013 03:06:46,776[slf5s.DATE]
INFO[slf5s.PRIORITY]
[slf5s.NDC]
main[slf5s.THREAD]
org.jgap.gp.impl.GPGenotype[slf5s.CATEGORY]
org.jgap.gp.impl.GPGenotype.outputSolution(GPGenotype.java:681)[slf5s.LOCATION]
Depth of chrom: 5[slf5s.MESSAGE]

[slf5s.start] 08 Dec 2013 03:06:46,882[slf5s.DATE]
INFO[slf5s.PRIORITY]
[slf5s.NDC]
main[slf5s.THREAD]
org.jgap.gp.impl.GPGenotype[slf5s.CATEGORY]
org.jgap.gp.impl.GPGenotype.outputSolution(GPGenotype.java:669)[slf5s.LOCATION]
Best solution fitness: 121231.0[slf5s.MESSAGE]

[slf5s.start] 08 Dec 2013 03:06:46,882[slf5s.DATE]
INFO[slf5s.PRIORITY]
[slf5s.NDC]
main[slf5s.THREAD]
org.jgap.gp.impl.GPGenotype[slf5s.CATEGORY]
org.jgap.gp.impl.GPGenotype.outputSolution(GPGenotype.java:671)[slf5s.LOCATION]
Best solution: ((X24 * X15) + (ceil ((X24 / (X16 / X23)) + (X0 * (X16 + X23))))) + X23[slf5s.MESSAGE]

[slf5s.start] 08 Dec 2013 03:06:46,882[slf5s.DATE]
INFO[slf5s.PRIORITY]
[slf5s.NDC]
main[slf5s.THREAD]
org.jgap.gp.impl.GPGenotype[slf5s.CATEGORY]
org.jgap.gp.impl.GPGenotype.outputSolution(GPGenotype.java:681)[slf5s.LOCATION]
Depth of chrom: 6[slf5s.MESSAGE]

[slf5s.start] 08 Dec 2013 03:06:46,943[slf5s.DATE]
INFO[slf5s.PRIORITY]
[slf5s.NDC]
main[slf5s.THREAD]
org.jgap.gp.impl.GPGenotype[slf5s.CATEGORY]
org.jgap.gp.impl.GPGenotype.outputSolution(GPGenotype.java:669)[slf5s.LOCATION]
Best solution fitness: 121230.0[slf5s.MESSAGE]

[slf5s.start] 08 Dec 2013 03:06:46,943[slf5s.DATE]
INFO[slf5s.PRIORITY]
[slf5s.NDC]
main[slf5s.THREAD]
org.jgap.gp.impl.GPGenotype[slf5s.CATEGORY]
org.jgap.gp.impl.GPGenotype.outputSolution(GPGenotype.java:671)[slf5s.LOCATION]
Best solution: ((floor ((X24 / (X16 / X23)) + (X0 * (X16 + X23)))) + (X24 * X15)) + X23[slf5s.MESSAGE]

[slf5s.start] 08 Dec 2013 03:06:46,943[slf5s.DATE]
INFO[slf5s.PRIORITY]
[slf5s.NDC]
main[slf5s.THREAD]
org.jgap.gp.impl.GPGenotype[slf5s.CATEGORY]
org.jgap.gp.impl.GPGenotype.outputSolution(GPGenotype.java:681)[slf5s.LOCATION]
Depth of chrom: 6[slf5s.MESSAGE]

[slf5s.start] 08 Dec 2013 03:06:47,529[slf5s.DATE]
INFO[slf5s.PRIORITY]
[slf5s.NDC]
main[slf5s.THREAD]
org.jgap.gp.impl.GPGenotype[slf5s.CATEGORY]
org.jgap.gp.impl.GPGenotype.evolve(GPGenotype.java:538)[slf5s.LOCATION]
Evolving generation 175, memory free: 55.6 MB[slf5s.MESSAGE]

[slf5s.start] 08 Dec 2013 03:06:47,655[slf5s.DATE]
INFO[slf5s.PRIORITY]
[slf5s.NDC]
main[slf5s.THREAD]
org.jgap.gp.impl.GPGenotype[slf5s.CATEGORY]
org.jgap.gp.impl.GPGenotype.outputSolution(GPGenotype.java:669)[slf5s.LOCATION]
Best solution fitness: 121215.01[slf5s.MESSAGE]

[slf5s.start] 08 Dec 2013 03:06:47,656[slf5s.DATE]
INFO[slf5s.PRIORITY]
[slf5s.NDC]
main[slf5s.THREAD]
org.jgap.gp.impl.GPGenotype[slf5s.CATEGORY]
org.jgap.gp.impl.GPGenotype.outputSolution(GPGenotype.java:671)[slf5s.LOCATION]
Best solution: (((X24 / (X16 / X23)) + (X0 * (X16 + X23))) + (X16 + (X24 * X15))) + X23[slf5s.MESSAGE]

[slf5s.start] 08 Dec 2013 03:06:47,656[slf5s.DATE]
INFO[slf5s.PRIORITY]
[slf5s.NDC]
main[slf5s.THREAD]
org.jgap.gp.impl.GPGenotype[slf5s.CATEGORY]
org.jgap.gp.impl.GPGenotype.outputSolution(GPGenotype.java:681)[slf5s.LOCATION]
Depth of chrom: 5[slf5s.MESSAGE]

[slf5s.start] 08 Dec 2013 03:06:48,338[slf5s.DATE]
INFO[slf5s.PRIORITY]
[slf5s.NDC]
main[slf5s.THREAD]
org.jgap.gp.impl.GPGenotype[slf5s.CATEGORY]
org.jgap.gp.impl.GPGenotype.evolve(GPGenotype.java:538)[slf5s.LOCATION]
Evolving generation 200, memory free: 54.5 MB[slf5s.MESSAGE]

[slf5s.start] 08 Dec 2013 03:06:48,374[slf5s.DATE]
INFO[slf5s.PRIORITY]
[slf5s.NDC]
main[slf5s.THREAD]
org.jgap.gp.impl.GPGenotype[slf5s.CATEGORY]
org.jgap.gp.impl.GPGenotype.outputSolution(GPGenotype.java:669)[slf5s.LOCATION]
Best solution fitness: 120385.0[slf5s.MESSAGE]

[slf5s.start] 08 Dec 2013 03:06:48,374[slf5s.DATE]
INFO[slf5s.PRIORITY]
[slf5s.NDC]
main[slf5s.THREAD]
org.jgap.gp.impl.GPGenotype[slf5s.CATEGORY]
org.jgap.gp.impl.GPGenotype.outputSolution(GPGenotype.java:671)[slf5s.LOCATION]
Best solution: ceil (((((X24 / (X22 / X23)) + (X0 * X23)) + (X24 * X15)) + X23) + X23)[slf5s.MESSAGE]

[slf5s.start] 08 Dec 2013 03:06:48,374[slf5s.DATE]
INFO[slf5s.PRIORITY]
[slf5s.NDC]
main[slf5s.THREAD]
org.jgap.gp.impl.GPGenotype[slf5s.CATEGORY]
org.jgap.gp.impl.GPGenotype.outputSolution(GPGenotype.java:681)[slf5s.LOCATION]
Depth of chrom: 7[slf5s.MESSAGE]

[slf5s.start] 08 Dec 2013 03:06:48,632[slf5s.DATE]
INFO[slf5s.PRIORITY]
[slf5s.NDC]
main[slf5s.THREAD]
org.jgap.gp.impl.GPGenotype[slf5s.CATEGORY]
org.jgap.gp.impl.GPGenotype.outputSolution(GPGenotype.java:669)[slf5s.LOCATION]
Best solution fitness: 120373.0[slf5s.MESSAGE]

[slf5s.start] 08 Dec 2013 03:06:48,633[slf5s.DATE]
INFO[slf5s.PRIORITY]
[slf5s.NDC]
main[slf5s.THREAD]
org.jgap.gp.impl.GPGenotype[slf5s.CATEGORY]
org.jgap.gp.impl.GPGenotype.outputSolution(GPGenotype.java:671)[slf5s.LOCATION]
Best solution: ceil (floor (ceil (((X24 / (X22 / X23)) + (X0 * X23)) + (X24 * X15))))[slf5s.MESSAGE]

[slf5s.start] 08 Dec 2013 03:06:48,633[slf5s.DATE]
INFO[slf5s.PRIORITY]
[slf5s.NDC]
main[slf5s.THREAD]
org.jgap.gp.impl.GPGenotype[slf5s.CATEGORY]
org.jgap.gp.impl.GPGenotype.outputSolution(GPGenotype.java:681)[slf5s.LOCATION]
Depth of chrom: 7[slf5s.MESSAGE]

[slf5s.start] 08 Dec 2013 03:06:48,725[slf5s.DATE]
INFO[slf5s.PRIORITY]
[slf5s.NDC]
main[slf5s.THREAD]
org.jgap.gp.impl.GPGenotype[slf5s.CATEGORY]
org.jgap.gp.impl.GPGenotype.outputSolution(GPGenotype.java:669)[slf5s.LOCATION]
Best solution fitness: 120368.06[slf5s.MESSAGE]

[slf5s.start] 08 Dec 2013 03:06:48,726[slf5s.DATE]
INFO[slf5s.PRIORITY]
[slf5s.NDC]
main[slf5s.THREAD]
org.jgap.gp.impl.GPGenotype[slf5s.CATEGORY]
org.jgap.gp.impl.GPGenotype.outputSolution(GPGenotype.java:671)[slf5s.LOCATION]
Best solution: ((X24 / (X22 / X23)) + (X0 * X23)) + (X24 * X15)[slf5s.MESSAGE]

[slf5s.start] 08 Dec 2013 03:06:48,726[slf5s.DATE]
INFO[slf5s.PRIORITY]
[slf5s.NDC]
main[slf5s.THREAD]
org.jgap.gp.impl.GPGenotype[slf5s.CATEGORY]
org.jgap.gp.impl.GPGenotype.outputSolution(GPGenotype.java:681)[slf5s.LOCATION]
Depth of chrom: 4[slf5s.MESSAGE]

[slf5s.start] 08 Dec 2013 03:06:48,888[slf5s.DATE]
INFO[slf5s.PRIORITY]
[slf5s.NDC]
main[slf5s.THREAD]
org.jgap.gp.impl.GPGenotype[slf5s.CATEGORY]
org.jgap.gp.impl.GPGenotype.outputSolution(GPGenotype.java:669)[slf5s.LOCATION]
Best solution fitness: 120365.0[slf5s.MESSAGE]

[slf5s.start] 08 Dec 2013 03:06:48,888[slf5s.DATE]
INFO[slf5s.PRIORITY]
[slf5s.NDC]
main[slf5s.THREAD]
org.jgap.gp.impl.GPGenotype[slf5s.CATEGORY]
org.jgap.gp.impl.GPGenotype.outputSolution(GPGenotype.java:671)[slf5s.LOCATION]
Best solution: ceil (floor (((X24 / (X22 / X23)) + (X0 * X23)) + (X24 * X15)))[slf5s.MESSAGE]

[slf5s.start] 08 Dec 2013 03:06:48,888[slf5s.DATE]
INFO[slf5s.PRIORITY]
[slf5s.NDC]
main[slf5s.THREAD]
org.jgap.gp.impl.GPGenotype[slf5s.CATEGORY]
org.jgap.gp.impl.GPGenotype.outputSolution(GPGenotype.java:681)[slf5s.LOCATION]
Depth of chrom: 6[slf5s.MESSAGE]

[slf5s.start] 08 Dec 2013 03:06:49,057[slf5s.DATE]
INFO[slf5s.PRIORITY]
[slf5s.NDC]
main[slf5s.THREAD]
org.jgap.gp.impl.GPGenotype[slf5s.CATEGORY]
org.jgap.gp.impl.GPGenotype.outputSolution(GPGenotype.java:669)[slf5s.LOCATION]
Best solution fitness: 120344.06[slf5s.MESSAGE]

[slf5s.start] 08 Dec 2013 03:06:49,058[slf5s.DATE]
INFO[slf5s.PRIORITY]
[slf5s.NDC]
main[slf5s.THREAD]
org.jgap.gp.impl.GPGenotype[slf5s.CATEGORY]
org.jgap.gp.impl.GPGenotype.outputSolution(GPGenotype.java:671)[slf5s.LOCATION]
Best solution: ((X16 + (((X24 / (X22 / X23)) + (X0 * X23)) + (X24 * X15))) + X23) + X16[slf5s.MESSAGE]

[slf5s.start] 08 Dec 2013 03:06:49,058[slf5s.DATE]
INFO[slf5s.PRIORITY]
[slf5s.NDC]
main[slf5s.THREAD]
org.jgap.gp.impl.GPGenotype[slf5s.CATEGORY]
org.jgap.gp.impl.GPGenotype.outputSolution(GPGenotype.java:681)[slf5s.LOCATION]
Depth of chrom: 7[slf5s.MESSAGE]

[slf5s.start] 08 Dec 2013 03:06:49,151[slf5s.DATE]
INFO[slf5s.PRIORITY]
[slf5s.NDC]
main[slf5s.THREAD]
org.jgap.gp.impl.GPGenotype[slf5s.CATEGORY]
org.jgap.gp.impl.GPGenotype.evolve(GPGenotype.java:538)[slf5s.LOCATION]
Evolving generation 225, memory free: 53.1 MB[slf5s.MESSAGE]

[slf5s.start] 08 Dec 2013 03:06:49,551[slf5s.DATE]
INFO[slf5s.PRIORITY]
[slf5s.NDC]
main[slf5s.THREAD]
org.jgap.gp.impl.GPGenotype[slf5s.CATEGORY]
org.jgap.gp.impl.GPGenotype.outputSolution(GPGenotype.java:669)[slf5s.LOCATION]
Best solution fitness: 120343.0[slf5s.MESSAGE]

[slf5s.start] 08 Dec 2013 03:06:49,551[slf5s.DATE]
INFO[slf5s.PRIORITY]
[slf5s.NDC]
main[slf5s.THREAD]
org.jgap.gp.impl.GPGenotype[slf5s.CATEGORY]
org.jgap.gp.impl.GPGenotype.outputSolution(GPGenotype.java:671)[slf5s.LOCATION]
Best solution: (ceil (X16 + (((X24 / (X22 / X23)) + (X0 * X23)) + (X24 * X15)))) + X16[slf5s.MESSAGE]

[slf5s.start] 08 Dec 2013 03:06:49,552[slf5s.DATE]
INFO[slf5s.PRIORITY]
[slf5s.NDC]
main[slf5s.THREAD]
org.jgap.gp.impl.GPGenotype[slf5s.CATEGORY]
org.jgap.gp.impl.GPGenotype.outputSolution(GPGenotype.java:681)[slf5s.LOCATION]
Depth of chrom: 7[slf5s.MESSAGE]

[slf5s.start] 08 Dec 2013 03:06:49,971[slf5s.DATE]
INFO[slf5s.PRIORITY]
[slf5s.NDC]
main[slf5s.THREAD]
org.jgap.gp.impl.GPGenotype[slf5s.CATEGORY]
org.jgap.gp.impl.GPGenotype.evolve(GPGenotype.java:538)[slf5s.LOCATION]
Evolving generation 250, memory free: 51.1 MB[slf5s.MESSAGE]

[slf5s.start] 08 Dec 2013 03:06:50,125[slf5s.DATE]
INFO[slf5s.PRIORITY]
[slf5s.NDC]
main[slf5s.THREAD]
org.jgap.gp.impl.GPGenotype[slf5s.CATEGORY]
org.jgap.gp.impl.GPGenotype.outputSolution(GPGenotype.java:669)[slf5s.LOCATION]
Best solution fitness: 120338.06[slf5s.MESSAGE]

[slf5s.start] 08 Dec 2013 03:06:50,125[slf5s.DATE]
INFO[slf5s.PRIORITY]
[slf5s.NDC]
main[slf5s.THREAD]
org.jgap.gp.impl.GPGenotype[slf5s.CATEGORY]
org.jgap.gp.impl.GPGenotype.outputSolution(GPGenotype.java:671)[slf5s.LOCATION]
Best solution: X16 + (X16 + (((X24 / (X22 / X23)) + (X0 * X23)) + (X24 * X15)))[slf5s.MESSAGE]

[slf5s.start] 08 Dec 2013 03:06:50,126[slf5s.DATE]
INFO[slf5s.PRIORITY]
[slf5s.NDC]
main[slf5s.THREAD]
org.jgap.gp.impl.GPGenotype[slf5s.CATEGORY]
org.jgap.gp.impl.GPGenotype.outputSolution(GPGenotype.java:681)[slf5s.LOCATION]
Depth of chrom: 6[slf5s.MESSAGE]

[slf5s.start] 08 Dec 2013 03:06:50,193[slf5s.DATE]
INFO[slf5s.PRIORITY]
[slf5s.NDC]
main[slf5s.THREAD]
org.jgap.gp.impl.GPGenotype[slf5s.CATEGORY]
org.jgap.gp.impl.GPGenotype.outputSolution(GPGenotype.java:669)[slf5s.LOCATION]
Best solution fitness: 120191.06[slf5s.MESSAGE]

[slf5s.start] 08 Dec 2013 03:06:50,193[slf5s.DATE]
INFO[slf5s.PRIORITY]
[slf5s.NDC]
main[slf5s.THREAD]
org.jgap.gp.impl.GPGenotype[slf5s.CATEGORY]
org.jgap.gp.impl.GPGenotype.outputSolution(GPGenotype.java:671)[slf5s.LOCATION]
Best solution: X16 + (((X24 / (X22 / X23)) + (X0 * X23)) + ((X24 + X23) * X15))[slf5s.MESSAGE]

[slf5s.start] 08 Dec 2013 03:06:50,193[slf5s.DATE]
INFO[slf5s.PRIORITY]
[slf5s.NDC]
main[slf5s.THREAD]
org.jgap.gp.impl.GPGenotype[slf5s.CATEGORY]
org.jgap.gp.impl.GPGenotype.outputSolution(GPGenotype.java:681)[slf5s.LOCATION]
Depth of chrom: 5[slf5s.MESSAGE]

[slf5s.start] 08 Dec 2013 03:06:50,759[slf5s.DATE]
INFO[slf5s.PRIORITY]
[slf5s.NDC]
main[slf5s.THREAD]
org.jgap.gp.impl.GPGenotype[slf5s.CATEGORY]
org.jgap.gp.impl.GPGenotype.evolve(GPGenotype.java:538)[slf5s.LOCATION]
Evolving generation 275, memory free: 49.7 MB[slf5s.MESSAGE]

[slf5s.start] 08 Dec 2013 03:06:51,567[slf5s.DATE]
INFO[slf5s.PRIORITY]
[slf5s.NDC]
main[slf5s.THREAD]
org.jgap.gp.impl.GPGenotype[slf5s.CATEGORY]
org.jgap.gp.impl.GPGenotype.evolve(GPGenotype.java:538)[slf5s.LOCATION]
Evolving generation 300, memory free: 47.3 MB[slf5s.MESSAGE]

[slf5s.start] 08 Dec 2013 03:06:52,255[slf5s.DATE]
INFO[slf5s.PRIORITY]
[slf5s.NDC]
main[slf5s.THREAD]
org.jgap.gp.impl.GPGenotype[slf5s.CATEGORY]
org.jgap.gp.impl.GPGenotype.outputSolution(GPGenotype.java:669)[slf5s.LOCATION]
Best solution fitness: 120184.06[slf5s.MESSAGE]

[slf5s.start] 08 Dec 2013 03:06:52,255[slf5s.DATE]
INFO[slf5s.PRIORITY]
[slf5s.NDC]
main[slf5s.THREAD]
org.jgap.gp.impl.GPGenotype[slf5s.CATEGORY]
org.jgap.gp.impl.GPGenotype.outputSolution(GPGenotype.java:671)[slf5s.LOCATION]
Best solution: ((X24 / (X22 / X23)) + (X0 * X23)) + (X16 + (X16 + ((X24 + X23) * X15)))[slf5s.MESSAGE]

[slf5s.start] 08 Dec 2013 03:06:52,256[slf5s.DATE]
INFO[slf5s.PRIORITY]
[slf5s.NDC]
main[slf5s.THREAD]
org.jgap.gp.impl.GPGenotype[slf5s.CATEGORY]
org.jgap.gp.impl.GPGenotype.outputSolution(GPGenotype.java:681)[slf5s.LOCATION]
Depth of chrom: 5[slf5s.MESSAGE]

[slf5s.start] 08 Dec 2013 03:06:52,381[slf5s.DATE]
INFO[slf5s.PRIORITY]
[slf5s.NDC]
main[slf5s.THREAD]
org.jgap.gp.impl.GPGenotype[slf5s.CATEGORY]
org.jgap.gp.impl.GPGenotype.evolve(GPGenotype.java:538)[slf5s.LOCATION]
Evolving generation 325, memory free: 46.0 MB[slf5s.MESSAGE]

[slf5s.start] 08 Dec 2013 03:06:53,200[slf5s.DATE]
INFO[slf5s.PRIORITY]
[slf5s.NDC]
main[slf5s.THREAD]
org.jgap.gp.impl.GPGenotype[slf5s.CATEGORY]
org.jgap.gp.impl.GPGenotype.evolve(GPGenotype.java:538)[slf5s.LOCATION]
Evolving generation 350, memory free: 43.7 MB[slf5s.MESSAGE]

[slf5s.start] 08 Dec 2013 03:06:54,003[slf5s.DATE]
INFO[slf5s.PRIORITY]
[slf5s.NDC]
main[slf5s.THREAD]
org.jgap.gp.impl.GPGenotype[slf5s.CATEGORY]
org.jgap.gp.impl.GPGenotype.evolve(GPGenotype.java:538)[slf5s.LOCATION]
Evolving generation 375, memory free: 42.4 MB[slf5s.MESSAGE]

[slf5s.start] 08 Dec 2013 03:06:54,811[slf5s.DATE]
INFO[slf5s.PRIORITY]
[slf5s.NDC]
main[slf5s.THREAD]
org.jgap.gp.impl.GPGenotype[slf5s.CATEGORY]
org.jgap.gp.impl.GPGenotype.evolve(GPGenotype.java:538)[slf5s.LOCATION]
Evolving generation 400, memory free: 42.4 MB[slf5s.MESSAGE]

[slf5s.start] 08 Dec 2013 03:06:55,600[slf5s.DATE]
INFO[slf5s.PRIORITY]
[slf5s.NDC]
main[slf5s.THREAD]
org.jgap.gp.impl.GPGenotype[slf5s.CATEGORY]
org.jgap.gp.impl.GPGenotype.evolve(GPGenotype.java:538)[slf5s.LOCATION]
Evolving generation 425, memory free: 43.3 MB[slf5s.MESSAGE]

[slf5s.start] 08 Dec 2013 03:06:55,773[slf5s.DATE]
INFO[slf5s.PRIORITY]
[slf5s.NDC]
main[slf5s.THREAD]
org.jgap.gp.impl.GPGenotype[slf5s.CATEGORY]
org.jgap.gp.impl.GPGenotype.outputSolution(GPGenotype.java:669)[slf5s.LOCATION]
Best solution fitness: 120068.06[slf5s.MESSAGE]

[slf5s.start] 08 Dec 2013 03:06:55,773[slf5s.DATE]
INFO[slf5s.PRIORITY]
[slf5s.NDC]
main[slf5s.THREAD]
org.jgap.gp.impl.GPGenotype[slf5s.CATEGORY]
org.jgap.gp.impl.GPGenotype.outputSolution(GPGenotype.java:671)[slf5s.LOCATION]
Best solution: (X23 * X16) + (((X24 / (X22 / X23)) + (X0 * X23)) + (X24 * X15))[slf5s.MESSAGE]

[slf5s.start] 08 Dec 2013 03:06:55,773[slf5s.DATE]
INFO[slf5s.PRIORITY]
[slf5s.NDC]
main[slf5s.THREAD]
org.jgap.gp.impl.GPGenotype[slf5s.CATEGORY]
org.jgap.gp.impl.GPGenotype.outputSolution(GPGenotype.java:681)[slf5s.LOCATION]
Depth of chrom: 5[slf5s.MESSAGE]

[slf5s.start] 08 Dec 2013 03:06:56,412[slf5s.DATE]
INFO[slf5s.PRIORITY]
[slf5s.NDC]
main[slf5s.THREAD]
org.jgap.gp.impl.GPGenotype[slf5s.CATEGORY]
org.jgap.gp.impl.GPGenotype.evolve(GPGenotype.java:538)[slf5s.LOCATION]
Evolving generation 450, memory free: 41.2 MB[slf5s.MESSAGE]

[slf5s.start] 08 Dec 2013 03:06:56,838[slf5s.DATE]
INFO[slf5s.PRIORITY]
[slf5s.NDC]
main[slf5s.THREAD]
org.jgap.gp.impl.GPGenotype[slf5s.CATEGORY]
org.jgap.gp.impl.GPGenotype.outputSolution(GPGenotype.java:669)[slf5s.LOCATION]
Best solution fitness: 120057.06[slf5s.MESSAGE]

[slf5s.start] 08 Dec 2013 03:06:56,839[slf5s.DATE]
INFO[slf5s.PRIORITY]
[slf5s.NDC]
main[slf5s.THREAD]
org.jgap.gp.impl.GPGenotype[slf5s.CATEGORY]
org.jgap.gp.impl.GPGenotype.outputSolution(GPGenotype.java:671)[slf5s.LOCATION]
Best solution: (X16 * X23) + ((X16 + (X24 / (X22 / X23))) + ((X24 * X15) + (X0 * X23)))[slf5s.MESSAGE]

[slf5s.start] 08 Dec 2013 03:06:56,839[slf5s.DATE]
INFO[slf5s.PRIORITY]
[slf5s.NDC]
main[slf5s.THREAD]
org.jgap.gp.impl.GPGenotype[slf5s.CATEGORY]
org.jgap.gp.impl.GPGenotype.outputSolution(GPGenotype.java:681)[slf5s.LOCATION]
Depth of chrom: 5[slf5s.MESSAGE]

[slf5s.start] 08 Dec 2013 03:06:56,912[slf5s.DATE]
INFO[slf5s.PRIORITY]
[slf5s.NDC]
main[slf5s.THREAD]
org.jgap.gp.impl.GPGenotype[slf5s.CATEGORY]
org.jgap.gp.impl.GPGenotype.outputSolution(GPGenotype.java:669)[slf5s.LOCATION]
Best solution fitness: 116461.56[slf5s.MESSAGE]

[slf5s.start] 08 Dec 2013 03:06:56,912[slf5s.DATE]
INFO[slf5s.PRIORITY]
[slf5s.NDC]
main[slf5s.THREAD]
org.jgap.gp.impl.GPGenotype[slf5s.CATEGORY]
org.jgap.gp.impl.GPGenotype.outputSolution(GPGenotype.java:671)[slf5s.LOCATION]
Best solution: (X16 + (X16 + (X24 / (X22 / X23)))) + ((X24 * X15) + ((X23 * X16) * X23))[slf5s.MESSAGE]

[slf5s.start] 08 Dec 2013 03:06:56,912[slf5s.DATE]
INFO[slf5s.PRIORITY]
[slf5s.NDC]
main[slf5s.THREAD]
org.jgap.gp.impl.GPGenotype[slf5s.CATEGORY]
org.jgap.gp.impl.GPGenotype.outputSolution(GPGenotype.java:681)[slf5s.LOCATION]
Depth of chrom: 5[slf5s.MESSAGE]

[slf5s.start] 08 Dec 2013 03:06:57,237[slf5s.DATE]
INFO[slf5s.PRIORITY]
[slf5s.NDC]
main[slf5s.THREAD]
org.jgap.gp.impl.GPGenotype[slf5s.CATEGORY]
org.jgap.gp.impl.GPGenotype.evolve(GPGenotype.java:538)[slf5s.LOCATION]
Evolving generation 475, memory free: 39.8 MB[slf5s.MESSAGE]

[slf5s.start] 08 Dec 2013 03:06:58,043[slf5s.DATE]
INFO[slf5s.PRIORITY]
[slf5s.NDC]
main[slf5s.THREAD]
org.jgap.gp.impl.GPGenotype[slf5s.CATEGORY]
org.jgap.gp.impl.GPGenotype.evolve(GPGenotype.java:538)[slf5s.LOCATION]
Evolving generation 500, memory free: 38.5 MB[slf5s.MESSAGE]

[slf5s.start] 08 Dec 2013 03:06:58,712[slf5s.DATE]
INFO[slf5s.PRIORITY]
[slf5s.NDC]
main[slf5s.THREAD]
org.jgap.gp.impl.GPGenotype[slf5s.CATEGORY]
org.jgap.gp.impl.GPGenotype.outputSolution(GPGenotype.java:669)[slf5s.LOCATION]
Best solution fitness: 115758.73[slf5s.MESSAGE]

[slf5s.start] 08 Dec 2013 03:06:58,713[slf5s.DATE]
INFO[slf5s.PRIORITY]
[slf5s.NDC]
main[slf5s.THREAD]
org.jgap.gp.impl.GPGenotype[slf5s.CATEGORY]
org.jgap.gp.impl.GPGenotype.outputSolution(GPGenotype.java:671)[slf5s.LOCATION]
Best solution: (X24 + (X24 / (X22 / X23))) + ((X0 * X23) + ((X23 * X16) * X23))[slf5s.MESSAGE]

[slf5s.start] 08 Dec 2013 03:06:58,713[slf5s.DATE]
INFO[slf5s.PRIORITY]
[slf5s.NDC]
main[slf5s.THREAD]
org.jgap.gp.impl.GPGenotype[slf5s.CATEGORY]
org.jgap.gp.impl.GPGenotype.outputSolution(GPGenotype.java:681)[slf5s.LOCATION]
Depth of chrom: 4[slf5s.MESSAGE]

[slf5s.start] 08 Dec 2013 03:06:58,850[slf5s.DATE]
INFO[slf5s.PRIORITY]
[slf5s.NDC]
main[slf5s.THREAD]
org.jgap.gp.impl.GPGenotype[slf5s.CATEGORY]
org.jgap.gp.impl.GPGenotype.evolve(GPGenotype.java:538)[slf5s.LOCATION]
Evolving generation 525, memory free: 35.4 MB[slf5s.MESSAGE]

[slf5s.start] 08 Dec 2013 03:06:59,684[slf5s.DATE]
INFO[slf5s.PRIORITY]
[slf5s.NDC]
main[slf5s.THREAD]
org.jgap.gp.impl.GPGenotype[slf5s.CATEGORY]
org.jgap.gp.impl.GPGenotype.evolve(GPGenotype.java:538)[slf5s.LOCATION]
Evolving generation 550, memory free: 63.9 MB[slf5s.MESSAGE]

[slf5s.start] 08 Dec 2013 03:06:59,878[slf5s.DATE]
INFO[slf5s.PRIORITY]
[slf5s.NDC]
main[slf5s.THREAD]
org.jgap.gp.impl.GPGenotype[slf5s.CATEGORY]
org.jgap.gp.impl.GPGenotype.outputSolution(GPGenotype.java:669)[slf5s.LOCATION]
Best solution fitness: 115124.73[slf5s.MESSAGE]

[slf5s.start] 08 Dec 2013 03:06:59,879[slf5s.DATE]
INFO[slf5s.PRIORITY]
[slf5s.NDC]
main[slf5s.THREAD]
org.jgap.gp.impl.GPGenotype[slf5s.CATEGORY]
org.jgap.gp.impl.GPGenotype.outputSolution(GPGenotype.java:671)[slf5s.LOCATION]
Best solution: (X24 + (((X0 * X23) + ((X23 * X16) * X23)) + (X24 / (X22 / X23)))) + X0[slf5s.MESSAGE]

[slf5s.start] 08 Dec 2013 03:06:59,879[slf5s.DATE]
INFO[slf5s.PRIORITY]
[slf5s.NDC]
main[slf5s.THREAD]
org.jgap.gp.impl.GPGenotype[slf5s.CATEGORY]
org.jgap.gp.impl.GPGenotype.outputSolution(GPGenotype.java:681)[slf5s.LOCATION]
Depth of chrom: 6[slf5s.MESSAGE]

[slf5s.start] 08 Dec 2013 03:07:00,510[slf5s.DATE]
INFO[slf5s.PRIORITY]
[slf5s.NDC]
main[slf5s.THREAD]
org.jgap.gp.impl.GPGenotype[slf5s.CATEGORY]
org.jgap.gp.impl.GPGenotype.evolve(GPGenotype.java:538)[slf5s.LOCATION]
Evolving generation 575, memory free: 76.5 MB[slf5s.MESSAGE]

[slf5s.start] 08 Dec 2013 03:07:01,320[slf5s.DATE]
INFO[slf5s.PRIORITY]
[slf5s.NDC]
main[slf5s.THREAD]
org.jgap.gp.impl.GPGenotype[slf5s.CATEGORY]
org.jgap.gp.impl.GPGenotype.evolve(GPGenotype.java:538)[slf5s.LOCATION]
Evolving generation 600, memory free: 72.9 MB[slf5s.MESSAGE]

[slf5s.start] 08 Dec 2013 03:07:02,153[slf5s.DATE]
INFO[slf5s.PRIORITY]
[slf5s.NDC]
main[slf5s.THREAD]
org.jgap.gp.impl.GPGenotype[slf5s.CATEGORY]
org.jgap.gp.impl.GPGenotype.evolve(GPGenotype.java:538)[slf5s.LOCATION]
Evolving generation 625, memory free: 69.4 MB[slf5s.MESSAGE]

[slf5s.start] 08 Dec 2013 03:07:02,965[slf5s.DATE]
INFO[slf5s.PRIORITY]
[slf5s.NDC]
main[slf5s.THREAD]
org.jgap.gp.impl.GPGenotype[slf5s.CATEGORY]
org.jgap.gp.impl.GPGenotype.evolve(GPGenotype.java:538)[slf5s.LOCATION]
Evolving generation 650, memory free: 64.0 MB[slf5s.MESSAGE]

[slf5s.start] 08 Dec 2013 03:07:03,777[slf5s.DATE]
INFO[slf5s.PRIORITY]
[slf5s.NDC]
main[slf5s.THREAD]
org.jgap.gp.impl.GPGenotype[slf5s.CATEGORY]
org.jgap.gp.impl.GPGenotype.evolve(GPGenotype.java:538)[slf5s.LOCATION]
Evolving generation 675, memory free: 60.4 MB[slf5s.MESSAGE]

[slf5s.start] 08 Dec 2013 03:07:04,607[slf5s.DATE]
INFO[slf5s.PRIORITY]
[slf5s.NDC]
main[slf5s.THREAD]
org.jgap.gp.impl.GPGenotype[slf5s.CATEGORY]
org.jgap.gp.impl.GPGenotype.evolve(GPGenotype.java:538)[slf5s.LOCATION]
Evolving generation 700, memory free: 56.7 MB[slf5s.MESSAGE]

[slf5s.start] 08 Dec 2013 03:07:05,435[slf5s.DATE]
INFO[slf5s.PRIORITY]
[slf5s.NDC]
main[slf5s.THREAD]
org.jgap.gp.impl.GPGenotype[slf5s.CATEGORY]
org.jgap.gp.impl.GPGenotype.evolve(GPGenotype.java:538)[slf5s.LOCATION]
Evolving generation 725, memory free: 55.8 MB[slf5s.MESSAGE]

[slf5s.start] 08 Dec 2013 03:07:06,280[slf5s.DATE]
INFO[slf5s.PRIORITY]
[slf5s.NDC]
main[slf5s.THREAD]
org.jgap.gp.impl.GPGenotype[slf5s.CATEGORY]
org.jgap.gp.impl.GPGenotype.evolve(GPGenotype.java:538)[slf5s.LOCATION]
Evolving generation 750, memory free: 51.6 MB[slf5s.MESSAGE]

[slf5s.start] 08 Dec 2013 03:07:07,066[slf5s.DATE]
INFO[slf5s.PRIORITY]
[slf5s.NDC]
main[slf5s.THREAD]
org.jgap.gp.impl.GPGenotype[slf5s.CATEGORY]
org.jgap.gp.impl.GPGenotype.evolve(GPGenotype.java:538)[slf5s.LOCATION]
Evolving generation 775, memory free: 52.0 MB[slf5s.MESSAGE]

[slf5s.start] 08 Dec 2013 03:07:07,859[slf5s.DATE]
INFO[slf5s.PRIORITY]
[slf5s.NDC]
main[slf5s.THREAD]
org.jgap.gp.impl.GPGenotype[slf5s.CATEGORY]
org.jgap.gp.impl.GPGenotype.evolve(GPGenotype.java:538)[slf5s.LOCATION]
Evolving generation 800, memory free: 50.3 MB[slf5s.MESSAGE]

[slf5s.start] 08 Dec 2013 03:07:07,999[slf5s.DATE]
INFO[slf5s.PRIORITY]
[slf5s.NDC]
main[slf5s.THREAD]
org.jgap.gp.impl.GPGenotype[slf5s.CATEGORY]
org.jgap.gp.impl.GPGenotype.outputSolution(GPGenotype.java:669)[slf5s.LOCATION]
Best solution fitness: 111495.73[slf5s.MESSAGE]

[slf5s.start] 08 Dec 2013 03:07:07,999[slf5s.DATE]
INFO[slf5s.PRIORITY]
[slf5s.NDC]
main[slf5s.THREAD]
org.jgap.gp.impl.GPGenotype[slf5s.CATEGORY]
org.jgap.gp.impl.GPGenotype.outputSolution(GPGenotype.java:671)[slf5s.LOCATION]
Best solution: (((X0 * X22) * X16) + (X24 + ((X23 * X16) * X23))) + (X24 / (X22 / X23))[slf5s.MESSAGE]

[slf5s.start] 08 Dec 2013 03:07:08,000[slf5s.DATE]
INFO[slf5s.PRIORITY]
[slf5s.NDC]
main[slf5s.THREAD]
org.jgap.gp.impl.GPGenotype[slf5s.CATEGORY]
org.jgap.gp.impl.GPGenotype.outputSolution(GPGenotype.java:681)[slf5s.LOCATION]
Depth of chrom: 5[slf5s.MESSAGE]

[slf5s.start] 08 Dec 2013 03:07:08,699[slf5s.DATE]
INFO[slf5s.PRIORITY]
[slf5s.NDC]
main[slf5s.THREAD]
org.jgap.gp.impl.GPGenotype[slf5s.CATEGORY]
org.jgap.gp.impl.GPGenotype.evolve(GPGenotype.java:538)[slf5s.LOCATION]
Evolving generation 825, memory free: 52.2 MB[slf5s.MESSAGE]

[slf5s.start] 08 Dec 2013 03:07:09,515[slf5s.DATE]
INFO[slf5s.PRIORITY]
[slf5s.NDC]
main[slf5s.THREAD]
org.jgap.gp.impl.GPGenotype[slf5s.CATEGORY]
org.jgap.gp.impl.GPGenotype.evolve(GPGenotype.java:538)[slf5s.LOCATION]
Evolving generation 850, memory free: 52.0 MB[slf5s.MESSAGE]

[slf5s.start] 08 Dec 2013 03:07:10,334[slf5s.DATE]
INFO[slf5s.PRIORITY]
[slf5s.NDC]
main[slf5s.THREAD]
org.jgap.gp.impl.GPGenotype[slf5s.CATEGORY]
org.jgap.gp.impl.GPGenotype.evolve(GPGenotype.java:538)[slf5s.LOCATION]
Evolving generation 875, memory free: 50.9 MB[slf5s.MESSAGE]

[slf5s.start] 08 Dec 2013 03:07:11,137[slf5s.DATE]
INFO[slf5s.PRIORITY]
[slf5s.NDC]
main[slf5s.THREAD]
org.jgap.gp.impl.GPGenotype[slf5s.CATEGORY]
org.jgap.gp.impl.GPGenotype.evolve(GPGenotype.java:538)[slf5s.LOCATION]
Evolving generation 900, memory free: 50.6 MB[slf5s.MESSAGE]

[slf5s.start] 08 Dec 2013 03:07:11,963[slf5s.DATE]
INFO[slf5s.PRIORITY]
[slf5s.NDC]
main[slf5s.THREAD]
org.jgap.gp.impl.GPGenotype[slf5s.CATEGORY]
org.jgap.gp.impl.GPGenotype.evolve(GPGenotype.java:538)[slf5s.LOCATION]
Evolving generation 925, memory free: 47.9 MB[slf5s.MESSAGE]

[slf5s.start] 08 Dec 2013 03:07:12,762[slf5s.DATE]
INFO[slf5s.PRIORITY]
[slf5s.NDC]
main[slf5s.THREAD]
org.jgap.gp.impl.GPGenotype[slf5s.CATEGORY]
org.jgap.gp.impl.GPGenotype.evolve(GPGenotype.java:538)[slf5s.LOCATION]
Evolving generation 950, memory free: 45.7 MB[slf5s.MESSAGE]

[slf5s.start] 08 Dec 2013 03:07:13,581[slf5s.DATE]
INFO[slf5s.PRIORITY]
[slf5s.NDC]
main[slf5s.THREAD]
org.jgap.gp.impl.GPGenotype[slf5s.CATEGORY]
org.jgap.gp.impl.GPGenotype.evolve(GPGenotype.java:538)[slf5s.LOCATION]
Evolving generation 975, memory free: 42.5 MB[slf5s.MESSAGE]

[slf5s.start] 08 Dec 2013 03:07:14,382[slf5s.DATE]
INFO[slf5s.PRIORITY]
[slf5s.NDC]
main[slf5s.THREAD]
org.jgap.gp.impl.GPGenotype[slf5s.CATEGORY]
org.jgap.gp.impl.GPGenotype.outputSolution(GPGenotype.java:669)[slf5s.LOCATION]
Best solution fitness: 111495.73[slf5s.MESSAGE]

[slf5s.start] 08 Dec 2013 03:07:14,383[slf5s.DATE]
INFO[slf5s.PRIORITY]
[slf5s.NDC]
main[slf5s.THREAD]
org.jgap.gp.impl.GPGenotype[slf5s.CATEGORY]
org.jgap.gp.impl.GPGenotype.outputSolution(GPGenotype.java:671)[slf5s.LOCATION]
Best solution: (((X0 * X22) * X16) + (X24 + ((X23 * X16) * X23))) + (X24 / (X22 / X23))[slf5s.MESSAGE]

[slf5s.start] 08 Dec 2013 03:07:14,383[slf5s.DATE]
INFO[slf5s.PRIORITY]
[slf5s.NDC]
main[slf5s.THREAD]
org.jgap.gp.impl.GPGenotype[slf5s.CATEGORY]
org.jgap.gp.impl.GPGenotype.outputSolution(GPGenotype.java:681)[slf5s.LOCATION]
Depth of chrom: 5[slf5s.MESSAGE]

[slf5s.start] 08 Dec 2013 17:05:42,895[slf5s.DATE]
INFO[slf5s.PRIORITY]
[slf5s.NDC]
main[slf5s.THREAD]
org.jgap.gp.impl.GPGenotype[slf5s.CATEGORY]
org.jgap.gp.impl.GPGenotype.randomInitialGenotype(GPGenotype.java:420)[slf5s.LOCATION]
Creating initial population[slf5s.MESSAGE]

[slf5s.start] 08 Dec 2013 17:05:42,904[slf5s.DATE]
INFO[slf5s.PRIORITY]
[slf5s.NDC]
main[slf5s.THREAD]
org.jgap.gp.impl.GPGenotype[slf5s.CATEGORY]
org.jgap.gp.impl.GPGenotype.randomInitialGenotype(GPGenotype.java:421)[slf5s.LOCATION]
Mem free: 81.0 MB[slf5s.MESSAGE]

[slf5s.start] 08 Dec 2013 17:05:42,915[slf5s.DATE]
INFO[slf5s.PRIORITY]
[slf5s.NDC]
main[slf5s.THREAD]
org.jgap.gp.impl.GPPopulation[slf5s.CATEGORY]
org.jgap.gp.impl.GPPopulation.create(GPPopulation.java:330)[slf5s.LOCATION]
Prototype program set[slf5s.MESSAGE]

[slf5s.start] 08 Dec 2013 17:05:43,126[slf5s.DATE]
INFO[slf5s.PRIORITY]
[slf5s.NDC]
main[slf5s.THREAD]
org.jgap.gp.impl.GPGenotype[slf5s.CATEGORY]
org.jgap.gp.impl.GPGenotype.randomInitialGenotype(GPGenotype.java:437)[slf5s.LOCATION]
Mem free after creating population: 81.0 MB[slf5s.MESSAGE]

[slf5s.start] 08 Dec 2013 17:05:43,132[slf5s.DATE]
INFO[slf5s.PRIORITY]
[slf5s.NDC]
main[slf5s.THREAD]
org.jgap.gp.impl.GPGenotype[slf5s.CATEGORY]
org.jgap.gp.impl.GPGenotype.outputWarning(GPGenotype.java:1496)[slf5s.LOCATION]
Your configuration does not contain unused commands, this is good[slf5s.MESSAGE]

[slf5s.start] 08 Dec 2013 17:05:43,137[slf5s.DATE]
INFO[slf5s.PRIORITY]
[slf5s.NDC]
main[slf5s.THREAD]
org.jgap.gp.impl.GPGenotype[slf5s.CATEGORY]
org.jgap.gp.impl.GPGenotype.evolve(GPGenotype.java:538)[slf5s.LOCATION]
Evolving generation 0, memory free: 79.4 MB[slf5s.MESSAGE]

[slf5s.start] 08 Dec 2013 17:05:43,287[slf5s.DATE]
INFO[slf5s.PRIORITY]
[slf5s.NDC]
main[slf5s.THREAD]
org.jgap.gp.impl.GPGenotype[slf5s.CATEGORY]
org.jgap.gp.impl.GPGenotype.outputSolution(GPGenotype.java:669)[slf5s.LOCATION]
Best solution fitness: 388385.0[slf5s.MESSAGE]

[slf5s.start] 08 Dec 2013 17:05:43,288[slf5s.DATE]
INFO[slf5s.PRIORITY]
[slf5s.NDC]
main[slf5s.THREAD]
org.jgap.gp.impl.GPGenotype[slf5s.CATEGORY]
org.jgap.gp.impl.GPGenotype.outputSolution(GPGenotype.java:671)[slf5s.LOCATION]
Best solution: ceil (ceil ((ceil X0) * (X12 + X25)))[slf5s.MESSAGE]

[slf5s.start] 08 Dec 2013 17:05:43,289[slf5s.DATE]
INFO[slf5s.PRIORITY]
[slf5s.NDC]
main[slf5s.THREAD]
org.jgap.gp.impl.GPGenotype[slf5s.CATEGORY]
org.jgap.gp.impl.GPGenotype.outputSolution(GPGenotype.java:681)[slf5s.LOCATION]
Depth of chrom: 4[slf5s.MESSAGE]

[slf5s.start] 08 Dec 2013 17:05:43,425[slf5s.DATE]
INFO[slf5s.PRIORITY]
[slf5s.NDC]
main[slf5s.THREAD]
org.jgap.gp.impl.GPGenotype[slf5s.CATEGORY]
org.jgap.gp.impl.GPGenotype.outputSolution(GPGenotype.java:669)[slf5s.LOCATION]
Best solution fitness: 309724.0[slf5s.MESSAGE]

[slf5s.start] 08 Dec 2013 17:05:43,426[slf5s.DATE]
INFO[slf5s.PRIORITY]
[slf5s.NDC]
main[slf5s.THREAD]
org.jgap.gp.impl.GPGenotype[slf5s.CATEGORY]
org.jgap.gp.impl.GPGenotype.outputSolution(GPGenotype.java:671)[slf5s.LOCATION]
Best solution: floor (X24 * X11)[slf5s.MESSAGE]

[slf5s.start] 08 Dec 2013 17:05:43,426[slf5s.DATE]
INFO[slf5s.PRIORITY]
[slf5s.NDC]
main[slf5s.THREAD]
org.jgap.gp.impl.GPGenotype[slf5s.CATEGORY]
org.jgap.gp.impl.GPGenotype.outputSolution(GPGenotype.java:681)[slf5s.LOCATION]
Depth of chrom: 2[slf5s.MESSAGE]

[slf5s.start] 08 Dec 2013 17:05:43,490[slf5s.DATE]
INFO[slf5s.PRIORITY]
[slf5s.NDC]
main[slf5s.THREAD]
org.jgap.gp.impl.GPGenotype[slf5s.CATEGORY]
org.jgap.gp.impl.GPGenotype.outputSolution(GPGenotype.java:669)[slf5s.LOCATION]
Best solution fitness: 282753.0[slf5s.MESSAGE]

[slf5s.start] 08 Dec 2013 17:05:43,490[slf5s.DATE]
INFO[slf5s.PRIORITY]
[slf5s.NDC]
main[slf5s.THREAD]
org.jgap.gp.impl.GPGenotype[slf5s.CATEGORY]
org.jgap.gp.impl.GPGenotype.outputSolution(GPGenotype.java:671)[slf5s.LOCATION]
Best solution: X19 * (floor (X12 + (ceil X24)))[slf5s.MESSAGE]

[slf5s.start] 08 Dec 2013 17:05:43,491[slf5s.DATE]
INFO[slf5s.PRIORITY]
[slf5s.NDC]
main[slf5s.THREAD]
org.jgap.gp.impl.GPGenotype[slf5s.CATEGORY]
org.jgap.gp.impl.GPGenotype.outputSolution(GPGenotype.java:681)[slf5s.LOCATION]
Depth of chrom: 4[slf5s.MESSAGE]

[slf5s.start] 08 Dec 2013 17:05:43,551[slf5s.DATE]
INFO[slf5s.PRIORITY]
[slf5s.NDC]
main[slf5s.THREAD]
org.jgap.gp.impl.GPGenotype[slf5s.CATEGORY]
org.jgap.gp.impl.GPGenotype.outputSolution(GPGenotype.java:669)[slf5s.LOCATION]
Best solution fitness: 191434.3[slf5s.MESSAGE]

[slf5s.start] 08 Dec 2013 17:05:43,551[slf5s.DATE]
INFO[slf5s.PRIORITY]
[slf5s.NDC]
main[slf5s.THREAD]
org.jgap.gp.impl.GPGenotype[slf5s.CATEGORY]
org.jgap.gp.impl.GPGenotype.outputSolution(GPGenotype.java:671)[slf5s.LOCATION]
Best solution: ((X23 / X1) * (X24 + X17)) + X24[slf5s.MESSAGE]

[slf5s.start] 08 Dec 2013 17:05:43,551[slf5s.DATE]
INFO[slf5s.PRIORITY]
[slf5s.NDC]
main[slf5s.THREAD]
org.jgap.gp.impl.GPGenotype[slf5s.CATEGORY]
org.jgap.gp.impl.GPGenotype.outputSolution(GPGenotype.java:681)[slf5s.LOCATION]
Depth of chrom: 3[slf5s.MESSAGE]

[slf5s.start] 08 Dec 2013 17:05:43,742[slf5s.DATE]
INFO[slf5s.PRIORITY]
[slf5s.NDC]
main[slf5s.THREAD]
org.jgap.gp.impl.GPGenotype[slf5s.CATEGORY]
org.jgap.gp.impl.GPGenotype.outputSolution(GPGenotype.java:669)[slf5s.LOCATION]
Best solution fitness: 181139.0[slf5s.MESSAGE]

[slf5s.start] 08 Dec 2013 17:05:43,743[slf5s.DATE]
INFO[slf5s.PRIORITY]
[slf5s.NDC]
main[slf5s.THREAD]
org.jgap.gp.impl.GPGenotype[slf5s.CATEGORY]
org.jgap.gp.impl.GPGenotype.outputSolution(GPGenotype.java:671)[slf5s.LOCATION]
Best solution: ceil ((ceil (X24 * (X23 / X2))) - ((X11 / X20) - (X7 + X19)))[slf5s.MESSAGE]

[slf5s.start] 08 Dec 2013 17:05:43,743[slf5s.DATE]
INFO[slf5s.PRIORITY]
[slf5s.NDC]
main[slf5s.THREAD]
org.jgap.gp.impl.GPGenotype[slf5s.CATEGORY]
org.jgap.gp.impl.GPGenotype.outputSolution(GPGenotype.java:681)[slf5s.LOCATION]
Depth of chrom: 5[slf5s.MESSAGE]

[slf5s.start] 08 Dec 2013 17:05:44,148[slf5s.DATE]
INFO[slf5s.PRIORITY]
[slf5s.NDC]
main[slf5s.THREAD]
org.jgap.gp.impl.GPGenotype[slf5s.CATEGORY]
org.jgap.gp.impl.GPGenotype.outputSolution(GPGenotype.java:669)[slf5s.LOCATION]
Best solution fitness: 178320.0[slf5s.MESSAGE]

[slf5s.start] 08 Dec 2013 17:05:44,148[slf5s.DATE]
INFO[slf5s.PRIORITY]
[slf5s.NDC]
main[slf5s.THREAD]
org.jgap.gp.impl.GPGenotype[slf5s.CATEGORY]
org.jgap.gp.impl.GPGenotype.outputSolution(GPGenotype.java:671)[slf5s.LOCATION]
Best solution: ceil ((ceil (X24 * (X23 / X2))) + X24)[slf5s.MESSAGE]

[slf5s.start] 08 Dec 2013 17:05:44,149[slf5s.DATE]
INFO[slf5s.PRIORITY]
[slf5s.NDC]
main[slf5s.THREAD]
org.jgap.gp.impl.GPGenotype[slf5s.CATEGORY]
org.jgap.gp.impl.GPGenotype.outputSolution(GPGenotype.java:681)[slf5s.LOCATION]
Depth of chrom: 5[slf5s.MESSAGE]

[slf5s.start] 08 Dec 2013 17:05:44,222[slf5s.DATE]
INFO[slf5s.PRIORITY]
[slf5s.NDC]
main[slf5s.THREAD]
org.jgap.gp.impl.GPGenotype[slf5s.CATEGORY]
org.jgap.gp.impl.GPGenotype.outputSolution(GPGenotype.java:669)[slf5s.LOCATION]
Best solution fitness: 138448.0[slf5s.MESSAGE]

[slf5s.start] 08 Dec 2013 17:05:44,223[slf5s.DATE]
INFO[slf5s.PRIORITY]
[slf5s.NDC]
main[slf5s.THREAD]
org.jgap.gp.impl.GPGenotype[slf5s.CATEGORY]
org.jgap.gp.impl.GPGenotype.outputSolution(GPGenotype.java:671)[slf5s.LOCATION]
Best solution: ceil (((X24 * X16) + ((X23 * (X23 * X9)) * X18)) - X0)[slf5s.MESSAGE]

[slf5s.start] 08 Dec 2013 17:05:44,224[slf5s.DATE]
INFO[slf5s.PRIORITY]
[slf5s.NDC]
main[slf5s.THREAD]
org.jgap.gp.impl.GPGenotype[slf5s.CATEGORY]
org.jgap.gp.impl.GPGenotype.outputSolution(GPGenotype.java:681)[slf5s.LOCATION]
Depth of chrom: 6[slf5s.MESSAGE]

[slf5s.start] 08 Dec 2013 17:05:44,511[slf5s.DATE]
INFO[slf5s.PRIORITY]
[slf5s.NDC]
main[slf5s.THREAD]
org.jgap.gp.impl.GPGenotype[slf5s.CATEGORY]
org.jgap.gp.impl.GPGenotype.outputSolution(GPGenotype.java:669)[slf5s.LOCATION]
Best solution fitness: 127886.0[slf5s.MESSAGE]

[slf5s.start] 08 Dec 2013 17:05:44,511[slf5s.DATE]
INFO[slf5s.PRIORITY]
[slf5s.NDC]
main[slf5s.THREAD]
org.jgap.gp.impl.GPGenotype[slf5s.CATEGORY]
org.jgap.gp.impl.GPGenotype.outputSolution(GPGenotype.java:671)[slf5s.LOCATION]
Best solution: ((floor X25) + X24) + (ceil (((X24 * X16) + ((X23 * (X23 * X9)) * X18)) - X0))[slf5s.MESSAGE]

[slf5s.start] 08 Dec 2013 17:05:44,512[slf5s.DATE]
INFO[slf5s.PRIORITY]
[slf5s.NDC]
main[slf5s.THREAD]
org.jgap.gp.impl.GPGenotype[slf5s.CATEGORY]
org.jgap.gp.impl.GPGenotype.outputSolution(GPGenotype.java:681)[slf5s.LOCATION]
Depth of chrom: 7[slf5s.MESSAGE]

[slf5s.start] 08 Dec 2013 17:05:44,785[slf5s.DATE]
INFO[slf5s.PRIORITY]
[slf5s.NDC]
main[slf5s.THREAD]
org.jgap.gp.impl.GPGenotype[slf5s.CATEGORY]
org.jgap.gp.impl.GPGenotype.outputSolution(GPGenotype.java:669)[slf5s.LOCATION]
Best solution fitness: 127056.0[slf5s.MESSAGE]

[slf5s.start] 08 Dec 2013 17:05:44,786[slf5s.DATE]
INFO[slf5s.PRIORITY]
[slf5s.NDC]
main[slf5s.THREAD]
org.jgap.gp.impl.GPGenotype[slf5s.CATEGORY]
org.jgap.gp.impl.GPGenotype.outputSolution(GPGenotype.java:671)[slf5s.LOCATION]
Best solution: ceil ((ceil (ceil ((X24 * X16) + ((X23 * (X23 * X9)) * X18)))) + (ceil (ceil X24)))[slf5s.MESSAGE]

[slf5s.start] 08 Dec 2013 17:05:44,786[slf5s.DATE]
INFO[slf5s.PRIORITY]
[slf5s.NDC]
main[slf5s.THREAD]
org.jgap.gp.impl.GPGenotype[slf5s.CATEGORY]
org.jgap.gp.impl.GPGenotype.outputSolution(GPGenotype.java:681)[slf5s.LOCATION]
Depth of chrom: 8[slf5s.MESSAGE]

[slf5s.start] 08 Dec 2013 17:05:44,913[slf5s.DATE]
INFO[slf5s.PRIORITY]
[slf5s.NDC]
main[slf5s.THREAD]
org.jgap.gp.impl.GPGenotype[slf5s.CATEGORY]
org.jgap.gp.impl.GPGenotype.outputSolution(GPGenotype.java:669)[slf5s.LOCATION]
Best solution fitness: 123584.0[slf5s.MESSAGE]

[slf5s.start] 08 Dec 2013 17:05:44,914[slf5s.DATE]
INFO[slf5s.PRIORITY]
[slf5s.NDC]
main[slf5s.THREAD]
org.jgap.gp.impl.GPGenotype[slf5s.CATEGORY]
org.jgap.gp.impl.GPGenotype.outputSolution(GPGenotype.java:671)[slf5s.LOCATION]
Best solution: (((X24 + X24) + (X24 * X11)) + X17) + ((X23 * (X23 * X9)) * X18)[slf5s.MESSAGE]

[slf5s.start] 08 Dec 2013 17:05:44,914[slf5s.DATE]
INFO[slf5s.PRIORITY]
[slf5s.NDC]
main[slf5s.THREAD]
org.jgap.gp.impl.GPGenotype[slf5s.CATEGORY]
org.jgap.gp.impl.GPGenotype.outputSolution(GPGenotype.java:681)[slf5s.LOCATION]
Depth of chrom: 4[slf5s.MESSAGE]

[slf5s.start] 08 Dec 2013 17:05:44,914[slf5s.DATE]
INFO[slf5s.PRIORITY]
[slf5s.NDC]
main[slf5s.THREAD]
org.jgap.gp.impl.GPGenotype[slf5s.CATEGORY]
org.jgap.gp.impl.GPGenotype.evolve(GPGenotype.java:538)[slf5s.LOCATION]
Evolving generation 25, memory free: 68.7 MB[slf5s.MESSAGE]

[slf5s.start] 08 Dec 2013 17:05:45,846[slf5s.DATE]
INFO[slf5s.PRIORITY]
[slf5s.NDC]
main[slf5s.THREAD]
org.jgap.gp.impl.GPGenotype[slf5s.CATEGORY]
org.jgap.gp.impl.GPGenotype.outputSolution(GPGenotype.java:669)[slf5s.LOCATION]
Best solution fitness: 123582.0[slf5s.MESSAGE]

[slf5s.start] 08 Dec 2013 17:05:45,846[slf5s.DATE]
INFO[slf5s.PRIORITY]
[slf5s.NDC]
main[slf5s.THREAD]
org.jgap.gp.impl.GPGenotype[slf5s.CATEGORY]
org.jgap.gp.impl.GPGenotype.outputSolution(GPGenotype.java:671)[slf5s.LOCATION]
Best solution: X24 + (((X1 + (X24 * X11)) + (X12 + ((X23 * (X23 * X9)) * X18))) + X24)[slf5s.MESSAGE]

[slf5s.start] 08 Dec 2013 17:05:45,846[slf5s.DATE]
INFO[slf5s.PRIORITY]
[slf5s.NDC]
main[slf5s.THREAD]
org.jgap.gp.impl.GPGenotype[slf5s.CATEGORY]
org.jgap.gp.impl.GPGenotype.outputSolution(GPGenotype.java:681)[slf5s.LOCATION]
Depth of chrom: 7[slf5s.MESSAGE]

[slf5s.start] 08 Dec 2013 17:05:46,299[slf5s.DATE]
INFO[slf5s.PRIORITY]
[slf5s.NDC]
main[slf5s.THREAD]
org.jgap.gp.impl.GPGenotype[slf5s.CATEGORY]
org.jgap.gp.impl.GPGenotype.evolve(GPGenotype.java:538)[slf5s.LOCATION]
Evolving generation 50, memory free: 59.6 MB[slf5s.MESSAGE]

[slf5s.start] 08 Dec 2013 17:05:46,401[slf5s.DATE]
INFO[slf5s.PRIORITY]
[slf5s.NDC]
main[slf5s.THREAD]
org.jgap.gp.impl.GPGenotype[slf5s.CATEGORY]
org.jgap.gp.impl.GPGenotype.outputSolution(GPGenotype.java:669)[slf5s.LOCATION]
Best solution fitness: 123333.0[slf5s.MESSAGE]

[slf5s.start] 08 Dec 2013 17:05:46,401[slf5s.DATE]
INFO[slf5s.PRIORITY]
[slf5s.NDC]
main[slf5s.THREAD]
org.jgap.gp.impl.GPGenotype[slf5s.CATEGORY]
org.jgap.gp.impl.GPGenotype.outputSolution(GPGenotype.java:671)[slf5s.LOCATION]
Best solution: (X24 * X11) + ((ceil (ceil (((X23 * (X12 + (X23 * X9))) * X18) + X24))) + X24)[slf5s.MESSAGE]

[slf5s.start] 08 Dec 2013 17:05:46,401[slf5s.DATE]
INFO[slf5s.PRIORITY]
[slf5s.NDC]
main[slf5s.THREAD]
org.jgap.gp.impl.GPGenotype[slf5s.CATEGORY]
org.jgap.gp.impl.GPGenotype.outputSolution(GPGenotype.java:681)[slf5s.LOCATION]
Depth of chrom: 9[slf5s.MESSAGE]

[slf5s.start] 08 Dec 2013 17:05:47,332[slf5s.DATE]
INFO[slf5s.PRIORITY]
[slf5s.NDC]
main[slf5s.THREAD]
org.jgap.gp.impl.GPGenotype[slf5s.CATEGORY]
org.jgap.gp.impl.GPGenotype.outputSolution(GPGenotype.java:669)[slf5s.LOCATION]
Best solution fitness: 121419.0[slf5s.MESSAGE]

[slf5s.start] 08 Dec 2013 17:05:47,333[slf5s.DATE]
INFO[slf5s.PRIORITY]
[slf5s.NDC]
main[slf5s.THREAD]
org.jgap.gp.impl.GPGenotype[slf5s.CATEGORY]
org.jgap.gp.impl.GPGenotype.outputSolution(GPGenotype.java:671)[slf5s.LOCATION]
Best solution: (X24 * X11) + ((ceil (ceil (((X23 * (X23 * X9)) * X16) + X24))) + X24)[slf5s.MESSAGE]

[slf5s.start] 08 Dec 2013 17:05:47,333[slf5s.DATE]
INFO[slf5s.PRIORITY]
[slf5s.NDC]
main[slf5s.THREAD]
org.jgap.gp.impl.GPGenotype[slf5s.CATEGORY]
org.jgap.gp.impl.GPGenotype.outputSolution(GPGenotype.java:681)[slf5s.LOCATION]
Depth of chrom: 8[slf5s.MESSAGE]

[slf5s.start] 08 Dec 2013 17:05:47,333[slf5s.DATE]
INFO[slf5s.PRIORITY]
[slf5s.NDC]
main[slf5s.THREAD]
org.jgap.gp.impl.GPGenotype[slf5s.CATEGORY]
org.jgap.gp.impl.GPGenotype.evolve(GPGenotype.java:538)[slf5s.LOCATION]
Evolving generation 75, memory free: 73.1 MB[slf5s.MESSAGE]

[slf5s.start] 08 Dec 2013 17:05:47,868[slf5s.DATE]
INFO[slf5s.PRIORITY]
[slf5s.NDC]
main[slf5s.THREAD]
org.jgap.gp.impl.GPGenotype[slf5s.CATEGORY]
org.jgap.gp.impl.GPGenotype.outputSolution(GPGenotype.java:669)[slf5s.LOCATION]
Best solution fitness: 117412.0[slf5s.MESSAGE]

[slf5s.start] 08 Dec 2013 17:05:47,869[slf5s.DATE]
INFO[slf5s.PRIORITY]
[slf5s.NDC]
main[slf5s.THREAD]
org.jgap.gp.impl.GPGenotype[slf5s.CATEGORY]
org.jgap.gp.impl.GPGenotype.outputSolution(GPGenotype.java:671)[slf5s.LOCATION]
Best solution: (X24 * X11) + ((ceil (ceil (((X23 * (X12 + (X23 * X11))) * X18) + X24))) + X24)[slf5s.MESSAGE]

[slf5s.start] 08 Dec 2013 17:05:47,869[slf5s.DATE]
INFO[slf5s.PRIORITY]
[slf5s.NDC]
main[slf5s.THREAD]
org.jgap.gp.impl.GPGenotype[slf5s.CATEGORY]
org.jgap.gp.impl.GPGenotype.outputSolution(GPGenotype.java:681)[slf5s.LOCATION]
Depth of chrom: 9[slf5s.MESSAGE]

[slf5s.start] 08 Dec 2013 17:05:48,287[slf5s.DATE]
INFO[slf5s.PRIORITY]
[slf5s.NDC]
main[slf5s.THREAD]
org.jgap.gp.impl.GPGenotype[slf5s.CATEGORY]
org.jgap.gp.impl.GPGenotype.evolve(GPGenotype.java:538)[slf5s.LOCATION]
Evolving generation 100, memory free: 71.0 MB[slf5s.MESSAGE]

[slf5s.start] 08 Dec 2013 17:05:48,696[slf5s.DATE]
INFO[slf5s.PRIORITY]
[slf5s.NDC]
main[slf5s.THREAD]
org.jgap.gp.impl.GPGenotype[slf5s.CATEGORY]
org.jgap.gp.impl.GPGenotype.outputSolution(GPGenotype.java:669)[slf5s.LOCATION]
Best solution fitness: 115662.0[slf5s.MESSAGE]

[slf5s.start] 08 Dec 2013 17:05:48,696[slf5s.DATE]
INFO[slf5s.PRIORITY]
[slf5s.NDC]
main[slf5s.THREAD]
org.jgap.gp.impl.GPGenotype[slf5s.CATEGORY]
org.jgap.gp.impl.GPGenotype.outputSolution(GPGenotype.java:671)[slf5s.LOCATION]
Best solution: (X24 * X11) + (((((X23 * (X12 + (X23 * X11))) * X18) + X24) + X24) + X24)[slf5s.MESSAGE]

[slf5s.start] 08 Dec 2013 17:05:48,696[slf5s.DATE]
INFO[slf5s.PRIORITY]
[slf5s.NDC]
main[slf5s.THREAD]
org.jgap.gp.impl.GPGenotype[slf5s.CATEGORY]
org.jgap.gp.impl.GPGenotype.outputSolution(GPGenotype.java:681)[slf5s.LOCATION]
Depth of chrom: 8[slf5s.MESSAGE]

[slf5s.start] 08 Dec 2013 17:05:48,930[slf5s.DATE]
INFO[slf5s.PRIORITY]
[slf5s.NDC]
main[slf5s.THREAD]
org.jgap.gp.impl.GPGenotype[slf5s.CATEGORY]
org.jgap.gp.impl.GPGenotype.outputSolution(GPGenotype.java:669)[slf5s.LOCATION]
Best solution fitness: 113805.0[slf5s.MESSAGE]

[slf5s.start] 08 Dec 2013 17:05:48,931[slf5s.DATE]
INFO[slf5s.PRIORITY]
[slf5s.NDC]
main[slf5s.THREAD]
org.jgap.gp.impl.GPGenotype[slf5s.CATEGORY]
org.jgap.gp.impl.GPGenotype.outputSolution(GPGenotype.java:671)[slf5s.LOCATION]
Best solution: (X24 * X16) + (ceil (ceil (((X23 * (X12 + (X23 * X11))) * X18) + X24)))[slf5s.MESSAGE]

[slf5s.start] 08 Dec 2013 17:05:48,931[slf5s.DATE]
INFO[slf5s.PRIORITY]
[slf5s.NDC]
main[slf5s.THREAD]
org.jgap.gp.impl.GPGenotype[slf5s.CATEGORY]
org.jgap.gp.impl.GPGenotype.outputSolution(GPGenotype.java:681)[slf5s.LOCATION]
Depth of chrom: 8[slf5s.MESSAGE]

[slf5s.start] 08 Dec 2013 17:05:49,235[slf5s.DATE]
INFO[slf5s.PRIORITY]
[slf5s.NDC]
main[slf5s.THREAD]
org.jgap.gp.impl.GPGenotype[slf5s.CATEGORY]
org.jgap.gp.impl.GPGenotype.evolve(GPGenotype.java:538)[slf5s.LOCATION]
Evolving generation 125, memory free: 70.8 MB[slf5s.MESSAGE]

[slf5s.start] 08 Dec 2013 17:05:49,525[slf5s.DATE]
INFO[slf5s.PRIORITY]
[slf5s.NDC]
main[slf5s.THREAD]
org.jgap.gp.impl.GPGenotype[slf5s.CATEGORY]
org.jgap.gp.impl.GPGenotype.outputSolution(GPGenotype.java:669)[slf5s.LOCATION]
Best solution fitness: 113163.0[slf5s.MESSAGE]

[slf5s.start] 08 Dec 2013 17:05:49,525[slf5s.DATE]
INFO[slf5s.PRIORITY]
[slf5s.NDC]
main[slf5s.THREAD]
org.jgap.gp.impl.GPGenotype[slf5s.CATEGORY]
org.jgap.gp.impl.GPGenotype.outputSolution(GPGenotype.java:671)[slf5s.LOCATION]
Best solution: (X24 * X16) + (ceil (ceil (((X23 * (X11 + (X23 * X11))) * X18) + X24)))[slf5s.MESSAGE]

[slf5s.start] 08 Dec 2013 17:05:49,526[slf5s.DATE]
INFO[slf5s.PRIORITY]
[slf5s.NDC]
main[slf5s.THREAD]
org.jgap.gp.impl.GPGenotype[slf5s.CATEGORY]
org.jgap.gp.impl.GPGenotype.outputSolution(GPGenotype.java:681)[slf5s.LOCATION]
Depth of chrom: 8[slf5s.MESSAGE]

[slf5s.start] 08 Dec 2013 17:05:50,070[slf5s.DATE]
INFO[slf5s.PRIORITY]
[slf5s.NDC]
main[slf5s.THREAD]
org.jgap.gp.impl.GPGenotype[slf5s.CATEGORY]
org.jgap.gp.impl.GPGenotype.outputSolution(GPGenotype.java:669)[slf5s.LOCATION]
Best solution fitness: 113087.0[slf5s.MESSAGE]

[slf5s.start] 08 Dec 2013 17:05:50,071[slf5s.DATE]
INFO[slf5s.PRIORITY]
[slf5s.NDC]
main[slf5s.THREAD]
org.jgap.gp.impl.GPGenotype[slf5s.CATEGORY]
org.jgap.gp.impl.GPGenotype.outputSolution(GPGenotype.java:671)[slf5s.LOCATION]
Best solution: (X24 * X16) + (X23 + (ceil (ceil (((X23 * (X11 + (X23 * X11))) * X18) + X24))))[slf5s.MESSAGE]

[slf5s.start] 08 Dec 2013 17:05:50,071[slf5s.DATE]
INFO[slf5s.PRIORITY]
[slf5s.NDC]
main[slf5s.THREAD]
org.jgap.gp.impl.GPGenotype[slf5s.CATEGORY]
org.jgap.gp.impl.GPGenotype.outputSolution(GPGenotype.java:681)[slf5s.LOCATION]
Depth of chrom: 9[slf5s.MESSAGE]

[slf5s.start] 08 Dec 2013 17:05:50,116[slf5s.DATE]
INFO[slf5s.PRIORITY]
[slf5s.NDC]
main[slf5s.THREAD]
org.jgap.gp.impl.GPGenotype[slf5s.CATEGORY]
org.jgap.gp.impl.GPGenotype.outputSolution(GPGenotype.java:669)[slf5s.LOCATION]
Best solution fitness: 112405.0[slf5s.MESSAGE]

[slf5s.start] 08 Dec 2013 17:05:50,117[slf5s.DATE]
INFO[slf5s.PRIORITY]
[slf5s.NDC]
main[slf5s.THREAD]
org.jgap.gp.impl.GPGenotype[slf5s.CATEGORY]
org.jgap.gp.impl.GPGenotype.outputSolution(GPGenotype.java:671)[slf5s.LOCATION]
Best solution: (X24 * X16) + (ceil (ceil (((X23 * (X16 + (X23 * X11))) * X18) + X24)))[slf5s.MESSAGE]

[slf5s.start] 08 Dec 2013 17:05:50,117[slf5s.DATE]
INFO[slf5s.PRIORITY]
[slf5s.NDC]
main[slf5s.THREAD]
org.jgap.gp.impl.GPGenotype[slf5s.CATEGORY]
org.jgap.gp.impl.GPGenotype.outputSolution(GPGenotype.java:681)[slf5s.LOCATION]
Depth of chrom: 8[slf5s.MESSAGE]

[slf5s.start] 08 Dec 2013 17:05:50,188[slf5s.DATE]
INFO[slf5s.PRIORITY]
[slf5s.NDC]
main[slf5s.THREAD]
org.jgap.gp.impl.GPGenotype[slf5s.CATEGORY]
org.jgap.gp.impl.GPGenotype.evolve(GPGenotype.java:538)[slf5s.LOCATION]
Evolving generation 150, memory free: 67.5 MB[slf5s.MESSAGE]

[slf5s.start] 08 Dec 2013 17:05:51,118[slf5s.DATE]
INFO[slf5s.PRIORITY]
[slf5s.NDC]
main[slf5s.THREAD]
org.jgap.gp.impl.GPGenotype[slf5s.CATEGORY]
org.jgap.gp.impl.GPGenotype.evolve(GPGenotype.java:538)[slf5s.LOCATION]
Evolving generation 175, memory free: 68.1 MB[slf5s.MESSAGE]

[slf5s.start] 08 Dec 2013 17:05:51,271[slf5s.DATE]
INFO[slf5s.PRIORITY]
[slf5s.NDC]
main[slf5s.THREAD]
org.jgap.gp.impl.GPGenotype[slf5s.CATEGORY]
org.jgap.gp.impl.GPGenotype.outputSolution(GPGenotype.java:669)[slf5s.LOCATION]
Best solution fitness: 112397.0[slf5s.MESSAGE]

[slf5s.start] 08 Dec 2013 17:05:51,271[slf5s.DATE]
INFO[slf5s.PRIORITY]
[slf5s.NDC]
main[slf5s.THREAD]
org.jgap.gp.impl.GPGenotype[slf5s.CATEGORY]
org.jgap.gp.impl.GPGenotype.outputSolution(GPGenotype.java:671)[slf5s.LOCATION]
Best solution: (X24 * X16) + (ceil (ceil ((((X23 * (X16 + (X23 * X11))) * X18) + X11) + X24)))[slf5s.MESSAGE]

[slf5s.start] 08 Dec 2013 17:05:51,271[slf5s.DATE]
INFO[slf5s.PRIORITY]
[slf5s.NDC]
main[slf5s.THREAD]
org.jgap.gp.impl.GPGenotype[slf5s.CATEGORY]
org.jgap.gp.impl.GPGenotype.outputSolution(GPGenotype.java:681)[slf5s.LOCATION]
Depth of chrom: 9[slf5s.MESSAGE]

[slf5s.start] 08 Dec 2013 17:05:51,352[slf5s.DATE]
INFO[slf5s.PRIORITY]
[slf5s.NDC]
main[slf5s.THREAD]
org.jgap.gp.impl.GPGenotype[slf5s.CATEGORY]
org.jgap.gp.impl.GPGenotype.outputSolution(GPGenotype.java:669)[slf5s.LOCATION]
Best solution fitness: 112396.0[slf5s.MESSAGE]

[slf5s.start] 08 Dec 2013 17:05:51,352[slf5s.DATE]
INFO[slf5s.PRIORITY]
[slf5s.NDC]
main[slf5s.THREAD]
org.jgap.gp.impl.GPGenotype[slf5s.CATEGORY]
org.jgap.gp.impl.GPGenotype.outputSolution(GPGenotype.java:671)[slf5s.LOCATION]
Best solution: (X24 * X16) + (ceil (ceil (X16 + (((X23 * (X16 + (X23 * X11))) * X18) + X24))))[slf5s.MESSAGE]

[slf5s.start] 08 Dec 2013 17:05:51,352[slf5s.DATE]
INFO[slf5s.PRIORITY]
[slf5s.NDC]
main[slf5s.THREAD]
org.jgap.gp.impl.GPGenotype[slf5s.CATEGORY]
org.jgap.gp.impl.GPGenotype.outputSolution(GPGenotype.java:681)[slf5s.LOCATION]
Depth of chrom: 9[slf5s.MESSAGE]

[slf5s.start] 08 Dec 2013 17:05:52,072[slf5s.DATE]
INFO[slf5s.PRIORITY]
[slf5s.NDC]
main[slf5s.THREAD]
org.jgap.gp.impl.GPGenotype[slf5s.CATEGORY]
org.jgap.gp.impl.GPGenotype.evolve(GPGenotype.java:538)[slf5s.LOCATION]
Evolving generation 200, memory free: 51.5 MB[slf5s.MESSAGE]

[slf5s.start] 08 Dec 2013 17:05:53,027[slf5s.DATE]
INFO[slf5s.PRIORITY]
[slf5s.NDC]
main[slf5s.THREAD]
org.jgap.gp.impl.GPGenotype[slf5s.CATEGORY]
org.jgap.gp.impl.GPGenotype.evolve(GPGenotype.java:538)[slf5s.LOCATION]
Evolving generation 225, memory free: 53.0 MB[slf5s.MESSAGE]

[slf5s.start] 08 Dec 2013 17:05:53,997[slf5s.DATE]
INFO[slf5s.PRIORITY]
[slf5s.NDC]
main[slf5s.THREAD]
org.jgap.gp.impl.GPGenotype[slf5s.CATEGORY]
org.jgap.gp.impl.GPGenotype.evolve(GPGenotype.java:538)[slf5s.LOCATION]
Evolving generation 250, memory free: 55.3 MB[slf5s.MESSAGE]

[slf5s.start] 08 Dec 2013 17:05:54,962[slf5s.DATE]
INFO[slf5s.PRIORITY]
[slf5s.NDC]
main[slf5s.THREAD]
org.jgap.gp.impl.GPGenotype[slf5s.CATEGORY]
org.jgap.gp.impl.GPGenotype.evolve(GPGenotype.java:538)[slf5s.LOCATION]
Evolving generation 275, memory free: 56.7 MB[slf5s.MESSAGE]

[slf5s.start] 08 Dec 2013 17:05:55,921[slf5s.DATE]
INFO[slf5s.PRIORITY]
[slf5s.NDC]
main[slf5s.THREAD]
org.jgap.gp.impl.GPGenotype[slf5s.CATEGORY]
org.jgap.gp.impl.GPGenotype.evolve(GPGenotype.java:538)[slf5s.LOCATION]
Evolving generation 300, memory free: 55.4 MB[slf5s.MESSAGE]

[slf5s.start] 08 Dec 2013 17:05:56,909[slf5s.DATE]
INFO[slf5s.PRIORITY]
[slf5s.NDC]
main[slf5s.THREAD]
org.jgap.gp.impl.GPGenotype[slf5s.CATEGORY]
org.jgap.gp.impl.GPGenotype.evolve(GPGenotype.java:538)[slf5s.LOCATION]
Evolving generation 325, memory free: 55.6 MB[slf5s.MESSAGE]

[slf5s.start] 08 Dec 2013 17:05:57,862[slf5s.DATE]
INFO[slf5s.PRIORITY]
[slf5s.NDC]
main[slf5s.THREAD]
org.jgap.gp.impl.GPGenotype[slf5s.CATEGORY]
org.jgap.gp.impl.GPGenotype.evolve(GPGenotype.java:538)[slf5s.LOCATION]
Evolving generation 350, memory free: 58.4 MB[slf5s.MESSAGE]

[slf5s.start] 08 Dec 2013 17:05:58,832[slf5s.DATE]
INFO[slf5s.PRIORITY]
[slf5s.NDC]
main[slf5s.THREAD]
org.jgap.gp.impl.GPGenotype[slf5s.CATEGORY]
org.jgap.gp.impl.GPGenotype.evolve(GPGenotype.java:538)[slf5s.LOCATION]
Evolving generation 375, memory free: 58.9 MB[slf5s.MESSAGE]

[slf5s.start] 08 Dec 2013 17:05:59,789[slf5s.DATE]
INFO[slf5s.PRIORITY]
[slf5s.NDC]
main[slf5s.THREAD]
org.jgap.gp.impl.GPGenotype[slf5s.CATEGORY]
org.jgap.gp.impl.GPGenotype.evolve(GPGenotype.java:538)[slf5s.LOCATION]
Evolving generation 400, memory free: 44.9 MB[slf5s.MESSAGE]

[slf5s.start] 08 Dec 2013 17:06:00,764[slf5s.DATE]
INFO[slf5s.PRIORITY]
[slf5s.NDC]
main[slf5s.THREAD]
org.jgap.gp.impl.GPGenotype[slf5s.CATEGORY]
org.jgap.gp.impl.GPGenotype.evolve(GPGenotype.java:538)[slf5s.LOCATION]
Evolving generation 425, memory free: 46.7 MB[slf5s.MESSAGE]

[slf5s.start] 08 Dec 2013 17:06:01,309[slf5s.DATE]
INFO[slf5s.PRIORITY]
[slf5s.NDC]
main[slf5s.THREAD]
org.jgap.gp.impl.GPGenotype[slf5s.CATEGORY]
org.jgap.gp.impl.GPGenotype.outputSolution(GPGenotype.java:669)[slf5s.LOCATION]
Best solution fitness: 112280.0[slf5s.MESSAGE]

[slf5s.start] 08 Dec 2013 17:06:01,310[slf5s.DATE]
INFO[slf5s.PRIORITY]
[slf5s.NDC]
main[slf5s.THREAD]
org.jgap.gp.impl.GPGenotype[slf5s.CATEGORY]
org.jgap.gp.impl.GPGenotype.outputSolution(GPGenotype.java:671)[slf5s.LOCATION]
Best solution: (X24 * X16) + (ceil (ceil (X16 + (((X23 * (X17 + (X23 * X11))) * X18) + X24))))[slf5s.MESSAGE]

[slf5s.start] 08 Dec 2013 17:06:01,310[slf5s.DATE]
INFO[slf5s.PRIORITY]
[slf5s.NDC]
main[slf5s.THREAD]
org.jgap.gp.impl.GPGenotype[slf5s.CATEGORY]
org.jgap.gp.impl.GPGenotype.outputSolution(GPGenotype.java:681)[slf5s.LOCATION]
Depth of chrom: 9[slf5s.MESSAGE]

[slf5s.start] 08 Dec 2013 17:06:01,731[slf5s.DATE]
INFO[slf5s.PRIORITY]
[slf5s.NDC]
main[slf5s.THREAD]
org.jgap.gp.impl.GPGenotype[slf5s.CATEGORY]
org.jgap.gp.impl.GPGenotype.evolve(GPGenotype.java:538)[slf5s.LOCATION]
Evolving generation 450, memory free: 48.5 MB[slf5s.MESSAGE]

[slf5s.start] 08 Dec 2013 17:06:01,973[slf5s.DATE]
INFO[slf5s.PRIORITY]
[slf5s.NDC]
main[slf5s.THREAD]
org.jgap.gp.impl.GPGenotype[slf5s.CATEGORY]
org.jgap.gp.impl.GPGenotype.outputSolution(GPGenotype.java:669)[slf5s.LOCATION]
Best solution fitness: 112271.0[slf5s.MESSAGE]

[slf5s.start] 08 Dec 2013 17:06:01,973[slf5s.DATE]
INFO[slf5s.PRIORITY]
[slf5s.NDC]
main[slf5s.THREAD]
org.jgap.gp.impl.GPGenotype[slf5s.CATEGORY]
org.jgap.gp.impl.GPGenotype.outputSolution(GPGenotype.java:671)[slf5s.LOCATION]
Best solution: (X24 * X16) + (X16 + (X16 + (((X23 * (X17 + (X23 * X11))) * X18) + X24)))[slf5s.MESSAGE]

[slf5s.start] 08 Dec 2013 17:06:01,973[slf5s.DATE]
INFO[slf5s.PRIORITY]
[slf5s.NDC]
main[slf5s.THREAD]
org.jgap.gp.impl.GPGenotype[slf5s.CATEGORY]
org.jgap.gp.impl.GPGenotype.outputSolution(GPGenotype.java:681)[slf5s.LOCATION]
Depth of chrom: 8[slf5s.MESSAGE]

[slf5s.start] 08 Dec 2013 17:06:02,018[slf5s.DATE]
INFO[slf5s.PRIORITY]
[slf5s.NDC]
main[slf5s.THREAD]
org.jgap.gp.impl.GPGenotype[slf5s.CATEGORY]
org.jgap.gp.impl.GPGenotype.outputSolution(GPGenotype.java:669)[slf5s.LOCATION]
Best solution fitness: 112241.0[slf5s.MESSAGE]

[slf5s.start] 08 Dec 2013 17:06:02,018[slf5s.DATE]
INFO[slf5s.PRIORITY]
[slf5s.NDC]
main[slf5s.THREAD]
org.jgap.gp.impl.GPGenotype[slf5s.CATEGORY]
org.jgap.gp.impl.GPGenotype.outputSolution(GPGenotype.java:671)[slf5s.LOCATION]
Best solution: (X24 * X16) + (X16 + (((X16 + (X23 * (X17 + (X23 * X11)))) * X18) + X24))[slf5s.MESSAGE]

[slf5s.start] 08 Dec 2013 17:06:02,019[slf5s.DATE]
INFO[slf5s.PRIORITY]
[slf5s.NDC]
main[slf5s.THREAD]
org.jgap.gp.impl.GPGenotype[slf5s.CATEGORY]
org.jgap.gp.impl.GPGenotype.outputSolution(GPGenotype.java:681)[slf5s.LOCATION]
Depth of chrom: 8[slf5s.MESSAGE]

[slf5s.start] 08 Dec 2013 17:06:02,717[slf5s.DATE]
INFO[slf5s.PRIORITY]
[slf5s.NDC]
main[slf5s.THREAD]
org.jgap.gp.impl.GPGenotype[slf5s.CATEGORY]
org.jgap.gp.impl.GPGenotype.evolve(GPGenotype.java:538)[slf5s.LOCATION]
Evolving generation 475, memory free: 48.7 MB[slf5s.MESSAGE]

[slf5s.start] 08 Dec 2013 17:06:03,263[slf5s.DATE]
INFO[slf5s.PRIORITY]
[slf5s.NDC]
main[slf5s.THREAD]
org.jgap.gp.impl.GPGenotype[slf5s.CATEGORY]
org.jgap.gp.impl.GPGenotype.outputSolution(GPGenotype.java:669)[slf5s.LOCATION]
Best solution fitness: 112230.0[slf5s.MESSAGE]

[slf5s.start] 08 Dec 2013 17:06:03,264[slf5s.DATE]
INFO[slf5s.PRIORITY]
[slf5s.NDC]
main[slf5s.THREAD]
org.jgap.gp.impl.GPGenotype[slf5s.CATEGORY]
org.jgap.gp.impl.GPGenotype.outputSolution(GPGenotype.java:671)[slf5s.LOCATION]
Best solution: (X24 * X16) + (X25 + (((X16 + (X23 * (X17 + (X23 * X11)))) * X18) + X24))[slf5s.MESSAGE]

[slf5s.start] 08 Dec 2013 17:06:03,264[slf5s.DATE]
INFO[slf5s.PRIORITY]
[slf5s.NDC]
main[slf5s.THREAD]
org.jgap.gp.impl.GPGenotype[slf5s.CATEGORY]
org.jgap.gp.impl.GPGenotype.outputSolution(GPGenotype.java:681)[slf5s.LOCATION]
Depth of chrom: 8[slf5s.MESSAGE]

[slf5s.start] 08 Dec 2013 17:06:03,702[slf5s.DATE]
INFO[slf5s.PRIORITY]
[slf5s.NDC]
main[slf5s.THREAD]
org.jgap.gp.impl.GPGenotype[slf5s.CATEGORY]
org.jgap.gp.impl.GPGenotype.evolve(GPGenotype.java:538)[slf5s.LOCATION]
Evolving generation 500, memory free: 50.7 MB[slf5s.MESSAGE]

[slf5s.start] 08 Dec 2013 17:06:04,011[slf5s.DATE]
INFO[slf5s.PRIORITY]
[slf5s.NDC]
main[slf5s.THREAD]
org.jgap.gp.impl.GPGenotype[slf5s.CATEGORY]
org.jgap.gp.impl.GPGenotype.outputSolution(GPGenotype.java:669)[slf5s.LOCATION]
Best solution fitness: 112211.0[slf5s.MESSAGE]

[slf5s.start] 08 Dec 2013 17:06:04,011[slf5s.DATE]
INFO[slf5s.PRIORITY]
[slf5s.NDC]
main[slf5s.THREAD]
org.jgap.gp.impl.GPGenotype[slf5s.CATEGORY]
org.jgap.gp.impl.GPGenotype.outputSolution(GPGenotype.java:671)[slf5s.LOCATION]
Best solution: (X24 * X16) + (((X16 + (X16 + (X23 * (X17 + (X23 * X11))))) * X18) + X24)[slf5s.MESSAGE]

[slf5s.start] 08 Dec 2013 17:06:04,011[slf5s.DATE]
INFO[slf5s.PRIORITY]
[slf5s.NDC]
main[slf5s.THREAD]
org.jgap.gp.impl.GPGenotype[slf5s.CATEGORY]
org.jgap.gp.impl.GPGenotype.outputSolution(GPGenotype.java:681)[slf5s.LOCATION]
Depth of chrom: 8[slf5s.MESSAGE]

[slf5s.start] 08 Dec 2013 17:06:04,161[slf5s.DATE]
INFO[slf5s.PRIORITY]
[slf5s.NDC]
main[slf5s.THREAD]
org.jgap.gp.impl.GPGenotype[slf5s.CATEGORY]
org.jgap.gp.impl.GPGenotype.outputSolution(GPGenotype.java:669)[slf5s.LOCATION]
Best solution fitness: 112201.0[slf5s.MESSAGE]

[slf5s.start] 08 Dec 2013 17:06:04,162[slf5s.DATE]
INFO[slf5s.PRIORITY]
[slf5s.NDC]
main[slf5s.THREAD]
org.jgap.gp.impl.GPGenotype[slf5s.CATEGORY]
org.jgap.gp.impl.GPGenotype.outputSolution(GPGenotype.java:671)[slf5s.LOCATION]
Best solution: (X24 * X17) + (X16 + (((X16 + (X23 * (X17 + (X23 * X11)))) * X18) + X24))[slf5s.MESSAGE]

[slf5s.start] 08 Dec 2013 17:06:04,162[slf5s.DATE]
INFO[slf5s.PRIORITY]
[slf5s.NDC]
main[slf5s.THREAD]
org.jgap.gp.impl.GPGenotype[slf5s.CATEGORY]
org.jgap.gp.impl.GPGenotype.outputSolution(GPGenotype.java:681)[slf5s.LOCATION]
Depth of chrom: 8[slf5s.MESSAGE]

[slf5s.start] 08 Dec 2013 17:06:04,645[slf5s.DATE]
INFO[slf5s.PRIORITY]
[slf5s.NDC]
main[slf5s.THREAD]
org.jgap.gp.impl.GPGenotype[slf5s.CATEGORY]
org.jgap.gp.impl.GPGenotype.outputSolution(GPGenotype.java:669)[slf5s.LOCATION]
Best solution fitness: 112079.0[slf5s.MESSAGE]

[slf5s.start] 08 Dec 2013 17:06:04,645[slf5s.DATE]
INFO[slf5s.PRIORITY]
[slf5s.NDC]
main[slf5s.THREAD]
org.jgap.gp.impl.GPGenotype[slf5s.CATEGORY]
org.jgap.gp.impl.GPGenotype.outputSolution(GPGenotype.java:671)[slf5s.LOCATION]
Best solution: (X24 * X17) + (((X16 + (X16 + (X23 * (X17 + (X23 * X11))))) * X18) + X24)[slf5s.MESSAGE]

[slf5s.start] 08 Dec 2013 17:06:04,645[slf5s.DATE]
INFO[slf5s.PRIORITY]
[slf5s.NDC]
main[slf5s.THREAD]
org.jgap.gp.impl.GPGenotype[slf5s.CATEGORY]
org.jgap.gp.impl.GPGenotype.outputSolution(GPGenotype.java:681)[slf5s.LOCATION]
Depth of chrom: 8[slf5s.MESSAGE]

[slf5s.start] 08 Dec 2013 17:06:04,646[slf5s.DATE]
INFO[slf5s.PRIORITY]
[slf5s.NDC]
main[slf5s.THREAD]
org.jgap.gp.impl.GPGenotype[slf5s.CATEGORY]
org.jgap.gp.impl.GPGenotype.evolve(GPGenotype.java:538)[slf5s.LOCATION]
Evolving generation 525, memory free: 49.4 MB[slf5s.MESSAGE]

[slf5s.start] 08 Dec 2013 17:06:04,948[slf5s.DATE]
INFO[slf5s.PRIORITY]
[slf5s.NDC]
main[slf5s.THREAD]
org.jgap.gp.impl.GPGenotype[slf5s.CATEGORY]
org.jgap.gp.impl.GPGenotype.outputSolution(GPGenotype.java:669)[slf5s.LOCATION]
Best solution fitness: 111490.0[slf5s.MESSAGE]

[slf5s.start] 08 Dec 2013 17:06:04,948[slf5s.DATE]
INFO[slf5s.PRIORITY]
[slf5s.NDC]
main[slf5s.THREAD]
org.jgap.gp.impl.GPGenotype[slf5s.CATEGORY]
org.jgap.gp.impl.GPGenotype.outputSolution(GPGenotype.java:671)[slf5s.LOCATION]
Best solution: (X24 * X17) + (X16 + (((X16 + (X23 * ((X23 * X11) + X25))) * X18) + X24))[slf5s.MESSAGE]

[slf5s.start] 08 Dec 2013 17:06:04,948[slf5s.DATE]
INFO[slf5s.PRIORITY]
[slf5s.NDC]
main[slf5s.THREAD]
org.jgap.gp.impl.GPGenotype[slf5s.CATEGORY]
org.jgap.gp.impl.GPGenotype.outputSolution(GPGenotype.java:681)[slf5s.LOCATION]
Depth of chrom: 8[slf5s.MESSAGE]

[slf5s.start] 08 Dec 2013 17:06:05,278[slf5s.DATE]
INFO[slf5s.PRIORITY]
[slf5s.NDC]
main[slf5s.THREAD]
org.jgap.gp.impl.GPGenotype[slf5s.CATEGORY]
org.jgap.gp.impl.GPGenotype.outputSolution(GPGenotype.java:669)[slf5s.LOCATION]
Best solution fitness: 110565.0[slf5s.MESSAGE]

[slf5s.start] 08 Dec 2013 17:06:05,279[slf5s.DATE]
INFO[slf5s.PRIORITY]
[slf5s.NDC]
main[slf5s.THREAD]
org.jgap.gp.impl.GPGenotype[slf5s.CATEGORY]
org.jgap.gp.impl.GPGenotype.outputSolution(GPGenotype.java:671)[slf5s.LOCATION]
Best solution: (X24 * X17) + (((X23 * (X17 + (X17 + (X23 * X11)))) * X18) + X24)[slf5s.MESSAGE]

[slf5s.start] 08 Dec 2013 17:06:05,279[slf5s.DATE]
INFO[slf5s.PRIORITY]
[slf5s.NDC]
main[slf5s.THREAD]
org.jgap.gp.impl.GPGenotype[slf5s.CATEGORY]
org.jgap.gp.impl.GPGenotype.outputSolution(GPGenotype.java:681)[slf5s.LOCATION]
Depth of chrom: 7[slf5s.MESSAGE]

[slf5s.start] 08 Dec 2013 17:06:05,623[slf5s.DATE]
INFO[slf5s.PRIORITY]
[slf5s.NDC]
main[slf5s.THREAD]
org.jgap.gp.impl.GPGenotype[slf5s.CATEGORY]
org.jgap.gp.impl.GPGenotype.evolve(GPGenotype.java:538)[slf5s.LOCATION]
Evolving generation 550, memory free: 45.7 MB[slf5s.MESSAGE]

[slf5s.start] 08 Dec 2013 17:06:05,966[slf5s.DATE]
INFO[slf5s.PRIORITY]
[slf5s.NDC]
main[slf5s.THREAD]
org.jgap.gp.impl.GPGenotype[slf5s.CATEGORY]
org.jgap.gp.impl.GPGenotype.outputSolution(GPGenotype.java:669)[slf5s.LOCATION]
Best solution fitness: 110544.0[slf5s.MESSAGE]

[slf5s.start] 08 Dec 2013 17:06:05,967[slf5s.DATE]
INFO[slf5s.PRIORITY]
[slf5s.NDC]
main[slf5s.THREAD]
org.jgap.gp.impl.GPGenotype[slf5s.CATEGORY]
org.jgap.gp.impl.GPGenotype.outputSolution(GPGenotype.java:671)[slf5s.LOCATION]
Best solution: (X24 * X17) + (X16 + (((X23 * (X17 + (X17 + (X23 * X11)))) * X18) + X24))[slf5s.MESSAGE]

[slf5s.start] 08 Dec 2013 17:06:05,967[slf5s.DATE]
INFO[slf5s.PRIORITY]
[slf5s.NDC]
main[slf5s.THREAD]
org.jgap.gp.impl.GPGenotype[slf5s.CATEGORY]
org.jgap.gp.impl.GPGenotype.outputSolution(GPGenotype.java:681)[slf5s.LOCATION]
Depth of chrom: 8[slf5s.MESSAGE]

[slf5s.start] 08 Dec 2013 17:06:06,372[slf5s.DATE]
INFO[slf5s.PRIORITY]
[slf5s.NDC]
main[slf5s.THREAD]
org.jgap.gp.impl.GPGenotype[slf5s.CATEGORY]
org.jgap.gp.impl.GPGenotype.outputSolution(GPGenotype.java:669)[slf5s.LOCATION]
Best solution fitness: 110539.0[slf5s.MESSAGE]

[slf5s.start] 08 Dec 2013 17:06:06,372[slf5s.DATE]
INFO[slf5s.PRIORITY]
[slf5s.NDC]
main[slf5s.THREAD]
org.jgap.gp.impl.GPGenotype[slf5s.CATEGORY]
org.jgap.gp.impl.GPGenotype.outputSolution(GPGenotype.java:671)[slf5s.LOCATION]
Best solution: (X25 + (((X23 * (X17 + (X17 + (X23 * X11)))) * X18) + X24)) + (X24 * X17)[slf5s.MESSAGE]

[slf5s.start] 08 Dec 2013 17:06:06,372[slf5s.DATE]
INFO[slf5s.PRIORITY]
[slf5s.NDC]
main[slf5s.THREAD]
org.jgap.gp.impl.GPGenotype[slf5s.CATEGORY]
org.jgap.gp.impl.GPGenotype.outputSolution(GPGenotype.java:681)[slf5s.LOCATION]
Depth of chrom: 8[slf5s.MESSAGE]

[slf5s.start] 08 Dec 2013 17:06:06,490[slf5s.DATE]
INFO[slf5s.PRIORITY]
[slf5s.NDC]
main[slf5s.THREAD]
org.jgap.gp.impl.GPGenotype[slf5s.CATEGORY]
org.jgap.gp.impl.GPGenotype.outputSolution(GPGenotype.java:669)[slf5s.LOCATION]
Best solution fitness: 110148.0[slf5s.MESSAGE]

[slf5s.start] 08 Dec 2013 17:06:06,491[slf5s.DATE]
INFO[slf5s.PRIORITY]
[slf5s.NDC]
main[slf5s.THREAD]
org.jgap.gp.impl.GPGenotype[slf5s.CATEGORY]
org.jgap.gp.impl.GPGenotype.outputSolution(GPGenotype.java:671)[slf5s.LOCATION]
Best solution: (X24 * X17) + (X16 + (((X23 * (X16 + (X17 + (X23 * X11)))) * X18) + X24))[slf5s.MESSAGE]

[slf5s.start] 08 Dec 2013 17:06:06,491[slf5s.DATE]
INFO[slf5s.PRIORITY]
[slf5s.NDC]
main[slf5s.THREAD]
org.jgap.gp.impl.GPGenotype[slf5s.CATEGORY]
org.jgap.gp.impl.GPGenotype.outputSolution(GPGenotype.java:681)[slf5s.LOCATION]
Depth of chrom: 8[slf5s.MESSAGE]

[slf5s.start] 08 Dec 2013 17:06:06,613[slf5s.DATE]
INFO[slf5s.PRIORITY]
[slf5s.NDC]
main[slf5s.THREAD]
org.jgap.gp.impl.GPGenotype[slf5s.CATEGORY]
org.jgap.gp.impl.GPGenotype.evolve(GPGenotype.java:538)[slf5s.LOCATION]
Evolving generation 575, memory free: 42.2 MB[slf5s.MESSAGE]

[slf5s.start] 08 Dec 2013 17:06:07,617[slf5s.DATE]
INFO[slf5s.PRIORITY]
[slf5s.NDC]
main[slf5s.THREAD]
org.jgap.gp.impl.GPGenotype[slf5s.CATEGORY]
org.jgap.gp.impl.GPGenotype.evolve(GPGenotype.java:538)[slf5s.LOCATION]
Evolving generation 600, memory free: 71.8 MB[slf5s.MESSAGE]

[slf5s.start] 08 Dec 2013 17:06:07,700[slf5s.DATE]
INFO[slf5s.PRIORITY]
[slf5s.NDC]
main[slf5s.THREAD]
org.jgap.gp.impl.GPGenotype[slf5s.CATEGORY]
org.jgap.gp.impl.GPGenotype.outputSolution(GPGenotype.java:669)[slf5s.LOCATION]
Best solution fitness: 110147.0[slf5s.MESSAGE]

[slf5s.start] 08 Dec 2013 17:06:07,701[slf5s.DATE]
INFO[slf5s.PRIORITY]
[slf5s.NDC]
main[slf5s.THREAD]
org.jgap.gp.impl.GPGenotype[slf5s.CATEGORY]
org.jgap.gp.impl.GPGenotype.outputSolution(GPGenotype.java:671)[slf5s.LOCATION]
Best solution: (X24 * X17) + (X23 + (((X23 * (X16 + (X17 + (X23 * X11)))) * X18) + X24))[slf5s.MESSAGE]

[slf5s.start] 08 Dec 2013 17:06:07,701[slf5s.DATE]
INFO[slf5s.PRIORITY]
[slf5s.NDC]
main[slf5s.THREAD]
org.jgap.gp.impl.GPGenotype[slf5s.CATEGORY]
org.jgap.gp.impl.GPGenotype.outputSolution(GPGenotype.java:681)[slf5s.LOCATION]
Depth of chrom: 8[slf5s.MESSAGE]

[slf5s.start] 08 Dec 2013 17:06:08,052[slf5s.DATE]
INFO[slf5s.PRIORITY]
[slf5s.NDC]
main[slf5s.THREAD]
org.jgap.gp.impl.GPGenotype[slf5s.CATEGORY]
org.jgap.gp.impl.GPGenotype.outputSolution(GPGenotype.java:669)[slf5s.LOCATION]
Best solution fitness: 109960.0[slf5s.MESSAGE]

[slf5s.start] 08 Dec 2013 17:06:08,053[slf5s.DATE]
INFO[slf5s.PRIORITY]
[slf5s.NDC]
main[slf5s.THREAD]
org.jgap.gp.impl.GPGenotype[slf5s.CATEGORY]
org.jgap.gp.impl.GPGenotype.outputSolution(GPGenotype.java:671)[slf5s.LOCATION]
Best solution: (X24 * X17) + (X16 + (((X23 * (X16 + (X16 + (X23 * X11)))) * X18) + X24))[slf5s.MESSAGE]

[slf5s.start] 08 Dec 2013 17:06:08,053[slf5s.DATE]
INFO[slf5s.PRIORITY]
[slf5s.NDC]
main[slf5s.THREAD]
org.jgap.gp.impl.GPGenotype[slf5s.CATEGORY]
org.jgap.gp.impl.GPGenotype.outputSolution(GPGenotype.java:681)[slf5s.LOCATION]
Depth of chrom: 8[slf5s.MESSAGE]

[slf5s.start] 08 Dec 2013 17:06:08,589[slf5s.DATE]
INFO[slf5s.PRIORITY]
[slf5s.NDC]
main[slf5s.THREAD]
org.jgap.gp.impl.GPGenotype[slf5s.CATEGORY]
org.jgap.gp.impl.GPGenotype.evolve(GPGenotype.java:538)[slf5s.LOCATION]
Evolving generation 625, memory free: 69.8 MB[slf5s.MESSAGE]

[slf5s.start] 08 Dec 2013 17:06:09,429[slf5s.DATE]
INFO[slf5s.PRIORITY]
[slf5s.NDC]
main[slf5s.THREAD]
org.jgap.gp.impl.GPGenotype[slf5s.CATEGORY]
org.jgap.gp.impl.GPGenotype.outputSolution(GPGenotype.java:669)[slf5s.LOCATION]
Best solution fitness: 108565.0[slf5s.MESSAGE]

[slf5s.start] 08 Dec 2013 17:06:09,429[slf5s.DATE]
INFO[slf5s.PRIORITY]
[slf5s.NDC]
main[slf5s.THREAD]
org.jgap.gp.impl.GPGenotype[slf5s.CATEGORY]
org.jgap.gp.impl.GPGenotype.outputSolution(GPGenotype.java:671)[slf5s.LOCATION]
Best solution: (X24 * X17) + (X16 + (((X23 * (X16 + (X16 + (X23 * X11)))) * X14) + X24))[slf5s.MESSAGE]

[slf5s.start] 08 Dec 2013 17:06:09,429[slf5s.DATE]
INFO[slf5s.PRIORITY]
[slf5s.NDC]
main[slf5s.THREAD]
org.jgap.gp.impl.GPGenotype[slf5s.CATEGORY]
org.jgap.gp.impl.GPGenotype.outputSolution(GPGenotype.java:681)[slf5s.LOCATION]
Depth of chrom: 8[slf5s.MESSAGE]

[slf5s.start] 08 Dec 2013 17:06:09,550[slf5s.DATE]
INFO[slf5s.PRIORITY]
[slf5s.NDC]
main[slf5s.THREAD]
org.jgap.gp.impl.GPGenotype[slf5s.CATEGORY]
org.jgap.gp.impl.GPGenotype.evolve(GPGenotype.java:538)[slf5s.LOCATION]
Evolving generation 650, memory free: 69.5 MB[slf5s.MESSAGE]

[slf5s.start] 08 Dec 2013 17:06:10,109[slf5s.DATE]
INFO[slf5s.PRIORITY]
[slf5s.NDC]
main[slf5s.THREAD]
org.jgap.gp.impl.GPGenotype[slf5s.CATEGORY]
org.jgap.gp.impl.GPGenotype.outputSolution(GPGenotype.java:669)[slf5s.LOCATION]
Best solution fitness: 107930.0[slf5s.MESSAGE]

[slf5s.start] 08 Dec 2013 17:06:10,109[slf5s.DATE]
INFO[slf5s.PRIORITY]
[slf5s.NDC]
main[slf5s.THREAD]
org.jgap.gp.impl.GPGenotype[slf5s.CATEGORY]
org.jgap.gp.impl.GPGenotype.outputSolution(GPGenotype.java:671)[slf5s.LOCATION]
Best solution: ((((X23 * (X16 + (X16 + (X23 * X11)))) * X14) + X24) + X24) + (X24 * X17)[slf5s.MESSAGE]

[slf5s.start] 08 Dec 2013 17:06:10,109[slf5s.DATE]
INFO[slf5s.PRIORITY]
[slf5s.NDC]
main[slf5s.THREAD]
org.jgap.gp.impl.GPGenotype[slf5s.CATEGORY]
org.jgap.gp.impl.GPGenotype.outputSolution(GPGenotype.java:681)[slf5s.LOCATION]
Depth of chrom: 8[slf5s.MESSAGE]

[slf5s.start] 08 Dec 2013 17:06:10,230[slf5s.DATE]
INFO[slf5s.PRIORITY]
[slf5s.NDC]
main[slf5s.THREAD]
org.jgap.gp.impl.GPGenotype[slf5s.CATEGORY]
org.jgap.gp.impl.GPGenotype.outputSolution(GPGenotype.java:669)[slf5s.LOCATION]
Best solution fitness: 107160.0[slf5s.MESSAGE]

[slf5s.start] 08 Dec 2013 17:06:10,230[slf5s.DATE]
INFO[slf5s.PRIORITY]
[slf5s.NDC]
main[slf5s.THREAD]
org.jgap.gp.impl.GPGenotype[slf5s.CATEGORY]
org.jgap.gp.impl.GPGenotype.outputSolution(GPGenotype.java:671)[slf5s.LOCATION]
Best solution: (X24 * X17) + (((X23 * (X16 + (X16 + (X16 + (X23 * X11))))) * X14) + X24)[slf5s.MESSAGE]

[slf5s.start] 08 Dec 2013 17:06:10,230[slf5s.DATE]
INFO[slf5s.PRIORITY]
[slf5s.NDC]
main[slf5s.THREAD]
org.jgap.gp.impl.GPGenotype[slf5s.CATEGORY]
org.jgap.gp.impl.GPGenotype.outputSolution(GPGenotype.java:681)[slf5s.LOCATION]
Depth of chrom: 8[slf5s.MESSAGE]

[slf5s.start] 08 Dec 2013 17:06:10,504[slf5s.DATE]
INFO[slf5s.PRIORITY]
[slf5s.NDC]
main[slf5s.THREAD]
org.jgap.gp.impl.GPGenotype[slf5s.CATEGORY]
org.jgap.gp.impl.GPGenotype.evolve(GPGenotype.java:538)[slf5s.LOCATION]
Evolving generation 675, memory free: 65.8 MB[slf5s.MESSAGE]

[slf5s.start] 08 Dec 2013 17:06:10,657[slf5s.DATE]
INFO[slf5s.PRIORITY]
[slf5s.NDC]
main[slf5s.THREAD]
org.jgap.gp.impl.GPGenotype[slf5s.CATEGORY]
org.jgap.gp.impl.GPGenotype.outputSolution(GPGenotype.java:669)[slf5s.LOCATION]
Best solution fitness: 106064.0[slf5s.MESSAGE]

[slf5s.start] 08 Dec 2013 17:06:10,658[slf5s.DATE]
INFO[slf5s.PRIORITY]
[slf5s.NDC]
main[slf5s.THREAD]
org.jgap.gp.impl.GPGenotype[slf5s.CATEGORY]
org.jgap.gp.impl.GPGenotype.outputSolution(GPGenotype.java:671)[slf5s.LOCATION]
Best solution: ((((X23 * (X16 + (X23 * X11))) * X14) + X24) + X24) + (X24 * X17)[slf5s.MESSAGE]

[slf5s.start] 08 Dec 2013 17:06:10,658[slf5s.DATE]
INFO[slf5s.PRIORITY]
[slf5s.NDC]
main[slf5s.THREAD]
org.jgap.gp.impl.GPGenotype[slf5s.CATEGORY]
org.jgap.gp.impl.GPGenotype.outputSolution(GPGenotype.java:681)[slf5s.LOCATION]
Depth of chrom: 7[slf5s.MESSAGE]

[slf5s.start] 08 Dec 2013 17:06:10,808[slf5s.DATE]
INFO[slf5s.PRIORITY]
[slf5s.NDC]
main[slf5s.THREAD]
org.jgap.gp.impl.GPGenotype[slf5s.CATEGORY]
org.jgap.gp.impl.GPGenotype.outputSolution(GPGenotype.java:669)[slf5s.LOCATION]
Best solution fitness: 106059.0[slf5s.MESSAGE]

[slf5s.start] 08 Dec 2013 17:06:10,809[slf5s.DATE]
INFO[slf5s.PRIORITY]
[slf5s.NDC]
main[slf5s.THREAD]
org.jgap.gp.impl.GPGenotype[slf5s.CATEGORY]
org.jgap.gp.impl.GPGenotype.outputSolution(GPGenotype.java:671)[slf5s.LOCATION]
Best solution: (X24 * X17) + (X16 + ((((X23 * (X16 + (X23 * X11))) * X14) + X24) + X24))[slf5s.MESSAGE]

[slf5s.start] 08 Dec 2013 17:06:10,809[slf5s.DATE]
INFO[slf5s.PRIORITY]
[slf5s.NDC]
main[slf5s.THREAD]
org.jgap.gp.impl.GPGenotype[slf5s.CATEGORY]
org.jgap.gp.impl.GPGenotype.outputSolution(GPGenotype.java:681)[slf5s.LOCATION]
Depth of chrom: 8[slf5s.MESSAGE]

[slf5s.start] 08 Dec 2013 17:06:11,466[slf5s.DATE]
INFO[slf5s.PRIORITY]
[slf5s.NDC]
main[slf5s.THREAD]
org.jgap.gp.impl.GPGenotype[slf5s.CATEGORY]
org.jgap.gp.impl.GPGenotype.evolve(GPGenotype.java:538)[slf5s.LOCATION]
Evolving generation 700, memory free: 67.6 MB[slf5s.MESSAGE]

[slf5s.start] 08 Dec 2013 17:06:11,540[slf5s.DATE]
INFO[slf5s.PRIORITY]
[slf5s.NDC]
main[slf5s.THREAD]
org.jgap.gp.impl.GPGenotype[slf5s.CATEGORY]
org.jgap.gp.impl.GPGenotype.outputSolution(GPGenotype.java:669)[slf5s.LOCATION]
Best solution fitness: 106030.0[slf5s.MESSAGE]

[slf5s.start] 08 Dec 2013 17:06:11,540[slf5s.DATE]
INFO[slf5s.PRIORITY]
[slf5s.NDC]
main[slf5s.THREAD]
org.jgap.gp.impl.GPGenotype[slf5s.CATEGORY]
org.jgap.gp.impl.GPGenotype.outputSolution(GPGenotype.java:671)[slf5s.LOCATION]
Best solution: (X24 * X17) + (X16 + ((((X23 * (X17 + (X23 * X11))) * X14) + X24) + X24))[slf5s.MESSAGE]

[slf5s.start] 08 Dec 2013 17:06:11,540[slf5s.DATE]
INFO[slf5s.PRIORITY]
[slf5s.NDC]
main[slf5s.THREAD]
org.jgap.gp.impl.GPGenotype[slf5s.CATEGORY]
org.jgap.gp.impl.GPGenotype.outputSolution(GPGenotype.java:681)[slf5s.LOCATION]
Depth of chrom: 8[slf5s.MESSAGE]

[slf5s.start] 08 Dec 2013 17:06:12,434[slf5s.DATE]
INFO[slf5s.PRIORITY]
[slf5s.NDC]
main[slf5s.THREAD]
org.jgap.gp.impl.GPGenotype[slf5s.CATEGORY]
org.jgap.gp.impl.GPGenotype.evolve(GPGenotype.java:538)[slf5s.LOCATION]
Evolving generation 725, memory free: 67.2 MB[slf5s.MESSAGE]

[slf5s.start] 08 Dec 2013 17:06:13,401[slf5s.DATE]
INFO[slf5s.PRIORITY]
[slf5s.NDC]
main[slf5s.THREAD]
org.jgap.gp.impl.GPGenotype[slf5s.CATEGORY]
org.jgap.gp.impl.GPGenotype.evolve(GPGenotype.java:538)[slf5s.LOCATION]
Evolving generation 750, memory free: 69.7 MB[slf5s.MESSAGE]

[slf5s.start] 08 Dec 2013 17:06:14,368[slf5s.DATE]
INFO[slf5s.PRIORITY]
[slf5s.NDC]
main[slf5s.THREAD]
org.jgap.gp.impl.GPGenotype[slf5s.CATEGORY]
org.jgap.gp.impl.GPGenotype.evolve(GPGenotype.java:538)[slf5s.LOCATION]
Evolving generation 775, memory free: 68.7 MB[slf5s.MESSAGE]

[slf5s.start] 08 Dec 2013 17:06:15,350[slf5s.DATE]
INFO[slf5s.PRIORITY]
[slf5s.NDC]
main[slf5s.THREAD]
org.jgap.gp.impl.GPGenotype[slf5s.CATEGORY]
org.jgap.gp.impl.GPGenotype.evolve(GPGenotype.java:538)[slf5s.LOCATION]
Evolving generation 800, memory free: 54.3 MB[slf5s.MESSAGE]

[slf5s.start] 08 Dec 2013 17:06:16,317[slf5s.DATE]
INFO[slf5s.PRIORITY]
[slf5s.NDC]
main[slf5s.THREAD]
org.jgap.gp.impl.GPGenotype[slf5s.CATEGORY]
org.jgap.gp.impl.GPGenotype.evolve(GPGenotype.java:538)[slf5s.LOCATION]
Evolving generation 825, memory free: 53.7 MB[slf5s.MESSAGE]

[slf5s.start] 08 Dec 2013 17:06:17,296[slf5s.DATE]
INFO[slf5s.PRIORITY]
[slf5s.NDC]
main[slf5s.THREAD]
org.jgap.gp.impl.GPGenotype[slf5s.CATEGORY]
org.jgap.gp.impl.GPGenotype.evolve(GPGenotype.java:538)[slf5s.LOCATION]
Evolving generation 850, memory free: 56.1 MB[slf5s.MESSAGE]

[slf5s.start] 08 Dec 2013 17:06:18,253[slf5s.DATE]
INFO[slf5s.PRIORITY]
[slf5s.NDC]
main[slf5s.THREAD]
org.jgap.gp.impl.GPGenotype[slf5s.CATEGORY]
org.jgap.gp.impl.GPGenotype.evolve(GPGenotype.java:538)[slf5s.LOCATION]
Evolving generation 875, memory free: 55.7 MB[slf5s.MESSAGE]

[slf5s.start] 08 Dec 2013 17:06:19,207[slf5s.DATE]
INFO[slf5s.PRIORITY]
[slf5s.NDC]
main[slf5s.THREAD]
org.jgap.gp.impl.GPGenotype[slf5s.CATEGORY]
org.jgap.gp.impl.GPGenotype.evolve(GPGenotype.java:538)[slf5s.LOCATION]
Evolving generation 900, memory free: 60.6 MB[slf5s.MESSAGE]

[slf5s.start] 08 Dec 2013 17:06:20,029[slf5s.DATE]
INFO[slf5s.PRIORITY]
[slf5s.NDC]
main[slf5s.THREAD]
org.jgap.gp.impl.GPGenotype[slf5s.CATEGORY]
org.jgap.gp.impl.GPGenotype.outputSolution(GPGenotype.java:669)[slf5s.LOCATION]
Best solution fitness: 105962.0[slf5s.MESSAGE]

[slf5s.start] 08 Dec 2013 17:06:20,029[slf5s.DATE]
INFO[slf5s.PRIORITY]
[slf5s.NDC]
main[slf5s.THREAD]
org.jgap.gp.impl.GPGenotype[slf5s.CATEGORY]
org.jgap.gp.impl.GPGenotype.outputSolution(GPGenotype.java:671)[slf5s.LOCATION]
Best solution: ((X23 * (X17 + ((X17 + (X23 * X11)) * X14))) + X24) + ((X24 * X17) + X24)[slf5s.MESSAGE]

[slf5s.start] 08 Dec 2013 17:06:20,030[slf5s.DATE]
INFO[slf5s.PRIORITY]
[slf5s.NDC]
main[slf5s.THREAD]
org.jgap.gp.impl.GPGenotype[slf5s.CATEGORY]
org.jgap.gp.impl.GPGenotype.outputSolution(GPGenotype.java:681)[slf5s.LOCATION]
Depth of chrom: 7[slf5s.MESSAGE]

[slf5s.start] 08 Dec 2013 17:06:20,194[slf5s.DATE]
INFO[slf5s.PRIORITY]
[slf5s.NDC]
main[slf5s.THREAD]
org.jgap.gp.impl.GPGenotype[slf5s.CATEGORY]
org.jgap.gp.impl.GPGenotype.evolve(GPGenotype.java:538)[slf5s.LOCATION]
Evolving generation 925, memory free: 58.8 MB[slf5s.MESSAGE]

[slf5s.start] 08 Dec 2013 17:06:21,163[slf5s.DATE]
INFO[slf5s.PRIORITY]
[slf5s.NDC]
main[slf5s.THREAD]
org.jgap.gp.impl.GPGenotype[slf5s.CATEGORY]
org.jgap.gp.impl.GPGenotype.evolve(GPGenotype.java:538)[slf5s.LOCATION]
Evolving generation 950, memory free: 58.6 MB[slf5s.MESSAGE]

[slf5s.start] 08 Dec 2013 17:06:22,125[slf5s.DATE]
INFO[slf5s.PRIORITY]
[slf5s.NDC]
main[slf5s.THREAD]
org.jgap.gp.impl.GPGenotype[slf5s.CATEGORY]
org.jgap.gp.impl.GPGenotype.evolve(GPGenotype.java:538)[slf5s.LOCATION]
Evolving generation 975, memory free: 58.2 MB[slf5s.MESSAGE]

[slf5s.start] 08 Dec 2013 17:06:23,094[slf5s.DATE]
INFO[slf5s.PRIORITY]
[slf5s.NDC]
main[slf5s.THREAD]
org.jgap.gp.impl.GPGenotype[slf5s.CATEGORY]
org.jgap.gp.impl.GPGenotype.outputSolution(GPGenotype.java:669)[slf5s.LOCATION]
Best solution fitness: 105962.0[slf5s.MESSAGE]

[slf5s.start] 08 Dec 2013 17:06:23,095[slf5s.DATE]
INFO[slf5s.PRIORITY]
[slf5s.NDC]
main[slf5s.THREAD]
org.jgap.gp.impl.GPGenotype[slf5s.CATEGORY]
org.jgap.gp.impl.GPGenotype.outputSolution(GPGenotype.java:671)[slf5s.LOCATION]
Best solution: ((X23 * (X17 + ((X17 + (X23 * X11)) * X14))) + X24) + ((X24 * X17) + X24)[slf5s.MESSAGE]

[slf5s.start] 08 Dec 2013 17:06:23,095[slf5s.DATE]
INFO[slf5s.PRIORITY]
[slf5s.NDC]
main[slf5s.THREAD]
org.jgap.gp.impl.GPGenotype[slf5s.CATEGORY]
org.jgap.gp.impl.GPGenotype.outputSolution(GPGenotype.java:681)[slf5s.LOCATION]
Depth of chrom: 7[slf5s.MESSAGE]

